#
# There is insufficient memory for the Java Runtime Environment to continue.
# Native memory allocation (malloc) failed to allocate 16635024 bytes. Error detail: Chunk::new
# Possible reasons:
#   The system is out of physical RAM or swap space
#   This process is running with CompressedOops enabled, and the Java Heap may be blocking the growth of the native heap
# Possible solutions:
#   Reduce memory load on the system
#   Increase physical memory or swap space
#   Check if swap backing store is full
#   Decrease Java heap size (-Xmx/-Xms)
#   Decrease number of Java threads
#   Decrease Java thread stack sizes (-Xss)
#   Set larger code cache with -XX:ReservedCodeCacheSize=
#   JVM is running with Unscaled Compressed Oops mode in which the Java heap is
#     placed in the first 4GB address space. The Java Heap base address is the
#     maximum limit for the native heap growth. Please use -XX:HeapBaseMinAddress
#     to set the Java Heap base and to place the Java Heap above 4GB virtual address.
# This output file may be truncated or incomplete.
#
#  Out of Memory Error (arena.cpp:162), pid=16120, tid=17896
#
# JRE version: OpenJDK Runtime Environment Corretto-24.0.1.9.1 (24.0.1+9) (build 24.0.1+9-FR)
# Java VM: OpenJDK 64-Bit Server VM Corretto-24.0.1.9.1 (24.0.1+9-FR, mixed mode, sharing, tiered, compressed oops, compressed class ptrs, g1 gc, windows-amd64)
# No core dump will be written. Minidumps are not enabled by default on client versions of Windows
#

---------------  S U M M A R Y ------------

Command Line: --add-opens=java.base/java.lang=ALL-UNNAMED --add-opens=java.base/java.lang.invoke=ALL-UNNAMED --add-opens=java.base/java.util=ALL-UNNAMED --add-opens=java.prefs/java.util.prefs=ALL-UNNAMED --add-exports=jdk.compiler/com.sun.tools.javac.api=ALL-UNNAMED --add-exports=jdk.compiler/com.sun.tools.javac.util=ALL-UNNAMED --add-opens=java.base/java.util=ALL-UNNAMED --add-opens=java.prefs/java.util.prefs=ALL-UNNAMED --add-opens=java.base/java.nio.charset=ALL-UNNAMED --add-opens=java.base/java.net=ALL-UNNAMED --add-opens=java.base/java.util.concurrent.atomic=ALL-UNNAMED --add-opens=java.xml/javax.xml.namespace=ALL-UNNAMED --enable-native-access=ALL-UNNAMED -XX:MaxMetaspaceSize=384m -XX:+HeapDumpOnOutOfMemoryError -Xms256m -Xmx512m -Dfile.encoding=UTF-8 -Duser.country=CO -Duser.language=es -Duser.variant -javaagent:C:\Users\delle\.gradle\wrapper\dists\gradle-8.14.3-bin\cv11ve7ro1n3o1j4so8xd9n66\gradle-8.14.3\lib\agents\gradle-instrumentation-agent-8.14.3.jar org.gradle.launcher.daemon.bootstrap.GradleDaemon 8.14.3

Host: Intel(R) Core(TM) i3-7020U CPU @ 2.30GHz, 4 cores, 15G,  Windows 11 , 64 bit Build 22621 (10.0.22621.3958)
Time: Wed Oct 29 15:03:54 2025 Hora de verano del Centro elapsed time: 18.964513 seconds (0d 0h 0m 18s)

---------------  T H R E A D  ---------------

Current thread (0x00000244c87c6400):  JavaThread "C2 CompilerThread0" daemon [_thread_in_native, id=17896, stack(0x000000453db00000,0x000000453dc00000) (1024K)]


Current CompileTask:
C2:18964 3869   !   4       java.net.URLClassLoader::findClass (77 bytes)

Stack: [0x000000453db00000,0x000000453dc00000]
Native frames: (J=compiled Java code, j=interpreted, Vv=VM code, C=native code)
V  [jvm.dll+0x747d59]  (no source info available)
V  [jvm.dll+0x985855]  (no source info available)
V  [jvm.dll+0x987b7d]  (no source info available)
V  [jvm.dll+0x9881f3]  (no source info available)
V  [jvm.dll+0x2b89a6]  (no source info available)
V  [jvm.dll+0xd059f]  (no source info available)
V  [jvm.dll+0xd07ff]  (no source info available)
V  [jvm.dll+0x15dd2b]  (no source info available)
V  [jvm.dll+0x74d5f2]  (no source info available)
V  [jvm.dll+0x27d4e3]  (no source info available)
V  [jvm.dll+0x27c7a1]  (no source info available)
V  [jvm.dll+0x1f61ea]  (no source info available)
V  [jvm.dll+0x28beac]  (no source info available)
V  [jvm.dll+0x28a16b]  (no source info available)
V  [jvm.dll+0x443bc6]  (no source info available)
V  [jvm.dll+0x9277a8]  (no source info available)
V  [jvm.dll+0x7464f5]  (no source info available)
C  [ucrtbase.dll+0x29333]  (no source info available)
C  [KERNEL32.DLL+0x1257d]  (no source info available)
C  [ntdll.dll+0x5af08]  (no source info available)

Lock stack of current Java thread (top to bottom):


---------------  P R O C E S S  ---------------

Threads class SMR info:
_java_thread_list=0x00000244e4194ac0, length=31, elements={
0x00000244adcbdb80, 0x00000244c87bc720, 0x00000244c87bd5b0, 0x00000244c87be2e0,
0x00000244c87c0f20, 0x00000244c87c2a60, 0x00000244c87c3590, 0x00000244c87c6400,
0x00000244c87c8f90, 0x00000244c89ed190, 0x00000244c8a53450, 0x00000244e2459dd0,
0x00000244e3763650, 0x00000244e3863240, 0x00000244e385ce20, 0x00000244e3674490,
0x00000244e3672750, 0x00000244e3673d40, 0x00000244e3672000, 0x00000244e3672ea0,
0x00000244e36735f0, 0x00000244e3675330, 0x00000244e3a8ada0, 0x00000244e3a8e0d0,
0x00000244e3a8b4f0, 0x00000244e3a8a650, 0x00000244e3a8d230, 0x00000244e3a8fe10,
0x00000244e3a8bc40, 0x00000244e3a56550, 0x00000244e3a8d980
}

Java Threads: ( => current thread )
  0x00000244adcbdb80 JavaThread "main"                              [_thread_blocked, id=26596, stack(0x000000453cd00000,0x000000453ce00000) (1024K)]
  0x00000244c87bc720 JavaThread "Reference Handler"          daemon [_thread_blocked, id=17640, stack(0x000000453d500000,0x000000453d600000) (1024K)]
  0x00000244c87bd5b0 JavaThread "Finalizer"                  daemon [_thread_blocked, id=23020, stack(0x000000453d600000,0x000000453d700000) (1024K)]
  0x00000244c87be2e0 JavaThread "Signal Dispatcher"          daemon [_thread_blocked, id=23908, stack(0x000000453d700000,0x000000453d800000) (1024K)]
  0x00000244c87c0f20 JavaThread "Attach Listener"            daemon [_thread_blocked, id=22240, stack(0x000000453d800000,0x000000453d900000) (1024K)]
  0x00000244c87c2a60 JavaThread "Service Thread"             daemon [_thread_blocked, id=14356, stack(0x000000453d900000,0x000000453da00000) (1024K)]
  0x00000244c87c3590 JavaThread "Monitor Deflation Thread"   daemon [_thread_blocked, id=18424, stack(0x000000453da00000,0x000000453db00000) (1024K)]
=>0x00000244c87c6400 JavaThread "C2 CompilerThread0"         daemon [_thread_in_native, id=17896, stack(0x000000453db00000,0x000000453dc00000) (1024K)]
  0x00000244c87c8f90 JavaThread "C1 CompilerThread0"         daemon [_thread_blocked, id=21920, stack(0x000000453dc00000,0x000000453dd00000) (1024K)]
  0x00000244c89ed190 JavaThread "Common-Cleaner"             daemon [_thread_blocked, id=24652, stack(0x000000453dd00000,0x000000453de00000) (1024K)]
  0x00000244c8a53450 JavaThread "Notification Thread"        daemon [_thread_blocked, id=22708, stack(0x000000453de00000,0x000000453df00000) (1024K)]
  0x00000244e2459dd0 JavaThread "Daemon health stats"               [_thread_blocked, id=20320, stack(0x000000453e200000,0x000000453e300000) (1024K)]
  0x00000244e3763650 JavaThread "Incoming local TCP Connector on port 63787"        [_thread_in_native, id=19540, stack(0x000000453e300000,0x000000453e400000) (1024K)]
  0x00000244e3863240 JavaThread "Daemon periodic checks"            [_thread_blocked, id=5944, stack(0x000000453e400000,0x000000453e500000) (1024K)]
  0x00000244e385ce20 JavaThread "Daemon"                            [_thread_blocked, id=5932, stack(0x000000453e700000,0x000000453e800000) (1024K)]
  0x00000244e3674490 JavaThread "Handler for socket connection from /127.0.0.1:63787 to /127.0.0.1:63788"        [_thread_in_native, id=10280, stack(0x000000453e800000,0x000000453e900000) (1024K)]
  0x00000244e3672750 JavaThread "Cancel handler"                    [_thread_blocked, id=23124, stack(0x000000453e500000,0x000000453e600000) (1024K)]
  0x00000244e3673d40 JavaThread "Daemon worker"                     [_thread_in_vm, id=15540, stack(0x000000453e900000,0x000000453ea00000) (1024K)]
  0x00000244e3672000 JavaThread "Asynchronous log dispatcher for DefaultDaemonConnection: socket connection from /127.0.0.1:63787 to /127.0.0.1:63788"        [_thread_blocked, id=2696, stack(0x000000453ea00000,0x000000453eb00000) (1024K)]
  0x00000244e3672ea0 JavaThread "Stdin handler"                     [_thread_blocked, id=20528, stack(0x000000453eb00000,0x000000453ec00000) (1024K)]
  0x00000244e36735f0 JavaThread "Daemon client event forwarder"        [_thread_blocked, id=23720, stack(0x000000453ec00000,0x000000453ed00000) (1024K)]
  0x00000244e3675330 JavaThread "Cache worker for journal cache (C:\Users\delle\.gradle\caches\journal-1)"        [_thread_blocked, id=10332, stack(0x000000453ed00000,0x000000453ee00000) (1024K)]
  0x00000244e3a8ada0 JavaThread "File lock request listener"        [_thread_in_native, id=2060, stack(0x000000453ee00000,0x000000453ef00000) (1024K)]
  0x00000244e3a8e0d0 JavaThread "Cache worker for file hash cache (C:\Users\delle\.gradle\caches\8.14.3\fileHashes)"        [_thread_blocked, id=26044, stack(0x000000453ef00000,0x000000453f000000) (1024K)]
  0x00000244e3a8b4f0 JavaThread "Cache worker for file hash cache (D:\documentos_wind11\Desktop\Arka\MSAuthentication\.gradle\8.14.3\fileHashes)"        [_thread_blocked, id=13460, stack(0x000000453f100000,0x000000453f200000) (1024K)]
  0x00000244e3a8a650 JavaThread "Cache worker for Build Output Cleanup Cache (D:\documentos_wind11\Desktop\Arka\MSAuthentication\.gradle\buildOutputCleanup)"        [_thread_blocked, id=24792, stack(0x000000453f200000,0x000000453f300000) (1024K)]
  0x00000244e3a8d230 JavaThread "File watcher server"        daemon [_thread_in_native, id=12240, stack(0x000000453f300000,0x000000453f400000) (1024K)]
  0x00000244e3a8fe10 JavaThread "File watcher consumer"      daemon [_thread_blocked, id=3724, stack(0x000000453f400000,0x000000453f500000) (1024K)]
  0x00000244e3a8bc40 JavaThread "jar transforms"                    [_thread_blocked, id=23636, stack(0x000000453f000000,0x000000453f100000) (1024K)]
  0x00000244e3a56550 JavaThread "C2 CompilerThread1"         daemon [_thread_in_native, id=16836, stack(0x000000453f500000,0x000000453f600000) (1024K)]
  0x00000244e3a8d980 JavaThread "jar transforms Thread 2"           [_thread_blocked, id=892, stack(0x000000453f600000,0x000000453f700000) (1024K)]
Total: 31

Other Threads:
  0x00000244c87ae5c0 VMThread "VM Thread"                           [id=13168, stack(0x000000453d400000,0x000000453d500000) (1024K)]
  0x00000244c87a0d70 WatcherThread "VM Periodic Task Thread"        [id=10580, stack(0x000000453d300000,0x000000453d400000) (1024K)]
  0x00000244adce8670 WorkerThread "GC Thread#0"                     [id=26060, stack(0x000000453ce00000,0x000000453cf00000) (1024K)]
  0x00000244e28f51f0 WorkerThread "GC Thread#1"                     [id=26524, stack(0x000000453df00000,0x000000453e000000) (1024K)]
  0x00000244e28f55a0 WorkerThread "GC Thread#2"                     [id=8096, stack(0x000000453e000000,0x000000453e100000) (1024K)]
  0x00000244e28f5950 WorkerThread "GC Thread#3"                     [id=11440, stack(0x000000453e100000,0x000000453e200000) (1024K)]
  0x00000244adcee6c0 ConcurrentGCThread "G1 Main Marker"            [id=3952, stack(0x000000453cf00000,0x000000453d000000) (1024K)]
  0x00000244adcef350 WorkerThread "G1 Conc#0"                       [id=17948, stack(0x000000453d000000,0x000000453d100000) (1024K)]
  0x00000244add7dd60 ConcurrentGCThread "G1 Refine#0"               [id=17476, stack(0x000000453d100000,0x000000453d200000) (1024K)]
  0x00000244add7e8e0 ConcurrentGCThread "G1 Service"                [id=988, stack(0x000000453d200000,0x000000453d300000) (1024K)]
Total: 10

Threads with active compile tasks:
C2 CompilerThread0  19256 3869   !   4       java.net.URLClassLoader::findClass (77 bytes)
C2 CompilerThread1  19256 3848   !   4       java.lang.ClassLoader::loadClass (121 bytes)
Total: 2

VM state: not at safepoint (normal execution)

VM Mutex/Monitor currently owned by a thread: None

Heap address: 0x00000000e0000000, size: 512 MB, Compressed Oops mode: 32-bit

CDS archive(s) mapped at: [0x00000244c9000000-0x00000244c9d40000-0x00000244c9d40000), size 13893632, SharedBaseAddress: 0x00000244c9000000, ArchiveRelocationMode: 1.
Compressed class space mapped at: 0x00000244ca000000-0x00000244de000000, reserved size: 335544320
UseCompressedClassPointers 1, UseCompactObjectHeaders 0
Narrow klass pointer bits 32, Max shift 3
Narrow klass base: 0x00000244c9000000, Narrow klass shift: 0
Encoding Range: [0x00000244c9000000 - 0x00000245c9000000), (4294967296 bytes)
Klass Range:    [0x00000244c9000000 - 0x00000244de000000), (352321536 bytes)
Klass ID Range:  [8 - 352321529) (352321521)

GC Precious Log:
 CardTable entry size: 512
 Card Set container configuration: InlinePtr #cards 5 size 8 Array Of Cards #cards 10 size 36 Howl #buckets 4 coarsen threshold 1843 Howl Bitmap #cards 512 size 80 coarsen threshold 460 Card regions per heap region 1 cards per card region 2048
 CPUs: 4 total, 4 available
 Memory: 16284M
 Large Page Support: Disabled
 NUMA Support: Disabled
 Compressed Oops: Enabled (32-bit)
 Heap Region Size: 1M
 Heap Min Capacity: 256M
 Heap Initial Capacity: 256M
 Heap Max Capacity: 512M
 Pre-touch: Disabled
 Parallel Workers: 4
 Concurrent Workers: 1
 Concurrent Refinement Workers: 4
 Periodic GC: Disabled

Heap:
 garbage-first heap   total reserved 524288K, committed 262144K, used 81522K [0x00000000e0000000, 0x0000000100000000)
  region size 1024K, 61 young (62464K), 4 survivors (4096K)
 Metaspace       used 27796K, committed 28736K, reserved 393216K
  class space    used 3221K, committed 3648K, reserved 327680K

Heap Regions: E=young(eden), S=young(survivor), O=old, HS=humongous(starts), HC=humongous(continues), CS=collection set, F=free, TAMS=top-at-mark-start, PB=parsable bottom
|   0|0x00000000e0000000, 0x00000000e0100000, 0x00000000e0100000|100%| O|  |TAMS 0x00000000e0000000| PB 0x00000000e0000000| Untracked |  0
|   1|0x00000000e0100000, 0x00000000e0200000, 0x00000000e0200000|100%| O|  |TAMS 0x00000000e0100000| PB 0x00000000e0100000| Untracked |  0
|   2|0x00000000e0200000, 0x00000000e0300000, 0x00000000e0300000|100%|HS|  |TAMS 0x00000000e0200000| PB 0x00000000e0200000| Complete |  0
|   3|0x00000000e0300000, 0x00000000e0400000, 0x00000000e0400000|100%|HC|  |TAMS 0x00000000e0300000| PB 0x00000000e0300000| Complete |  0
|   4|0x00000000e0400000, 0x00000000e0500000, 0x00000000e0500000|100%|HC|  |TAMS 0x00000000e0400000| PB 0x00000000e0400000| Complete |  0
|   5|0x00000000e0500000, 0x00000000e0600000, 0x00000000e0600000|100%|HS|  |TAMS 0x00000000e0500000| PB 0x00000000e0500000| Complete |  0
|   6|0x00000000e0600000, 0x00000000e0700000, 0x00000000e0700000|100%| O|  |TAMS 0x00000000e0600000| PB 0x00000000e0600000| Untracked |  0
|   7|0x00000000e0700000, 0x00000000e0800000, 0x00000000e0800000|100%| O|  |TAMS 0x00000000e0700000| PB 0x00000000e0700000| Untracked |  0
|   8|0x00000000e0800000, 0x00000000e0900000, 0x00000000e0900000|100%| O|  |TAMS 0x00000000e0800000| PB 0x00000000e0800000| Untracked |  0
|   9|0x00000000e0900000, 0x00000000e0a00000, 0x00000000e0a00000|100%| O|  |TAMS 0x00000000e0900000| PB 0x00000000e0900000| Untracked |  0
|  10|0x00000000e0a00000, 0x00000000e0b00000, 0x00000000e0b00000|100%| O|  |TAMS 0x00000000e0a00000| PB 0x00000000e0a00000| Untracked |  0
|  11|0x00000000e0b00000, 0x00000000e0c00000, 0x00000000e0c00000|100%| O|  |TAMS 0x00000000e0b00000| PB 0x00000000e0b00000| Untracked |  0
|  12|0x00000000e0c00000, 0x00000000e0d00000, 0x00000000e0d00000|100%| O|  |TAMS 0x00000000e0c00000| PB 0x00000000e0c00000| Untracked |  0
|  13|0x00000000e0d00000, 0x00000000e0e00000, 0x00000000e0e00000|100%| O|  |TAMS 0x00000000e0d00000| PB 0x00000000e0d00000| Untracked |  0
|  14|0x00000000e0e00000, 0x00000000e0f00000, 0x00000000e0f00000|100%| O|  |TAMS 0x00000000e0e00000| PB 0x00000000e0e00000| Untracked |  0
|  15|0x00000000e0f00000, 0x00000000e1000000, 0x00000000e1000000|100%| O|  |TAMS 0x00000000e0f00000| PB 0x00000000e0f00000| Untracked |  0
|  16|0x00000000e1000000, 0x00000000e1100000, 0x00000000e1100000|100%| O|  |TAMS 0x00000000e1000000| PB 0x00000000e1000000| Untracked |  0
|  17|0x00000000e1100000, 0x00000000e1200000, 0x00000000e1200000|100%| O|  |TAMS 0x00000000e1100000| PB 0x00000000e1100000| Untracked |  0
|  18|0x00000000e1200000, 0x00000000e1280800, 0x00000000e1300000| 50%| O|  |TAMS 0x00000000e1200000| PB 0x00000000e1200000| Untracked |  0
|  19|0x00000000e1300000, 0x00000000e1300000, 0x00000000e1400000|  0%| F|  |TAMS 0x00000000e1300000| PB 0x00000000e1300000| Untracked |  0
|  20|0x00000000e1400000, 0x00000000e1400000, 0x00000000e1500000|  0%| F|  |TAMS 0x00000000e1400000| PB 0x00000000e1400000| Untracked |  0
|  21|0x00000000e1500000, 0x00000000e1500000, 0x00000000e1600000|  0%| F|  |TAMS 0x00000000e1500000| PB 0x00000000e1500000| Untracked |  0
|  22|0x00000000e1600000, 0x00000000e1600000, 0x00000000e1700000|  0%| F|  |TAMS 0x00000000e1600000| PB 0x00000000e1600000| Untracked |  0
|  23|0x00000000e1700000, 0x00000000e1700000, 0x00000000e1800000|  0%| F|  |TAMS 0x00000000e1700000| PB 0x00000000e1700000| Untracked |  0
|  24|0x00000000e1800000, 0x00000000e1800000, 0x00000000e1900000|  0%| F|  |TAMS 0x00000000e1800000| PB 0x00000000e1800000| Untracked |  0
|  25|0x00000000e1900000, 0x00000000e1900000, 0x00000000e1a00000|  0%| F|  |TAMS 0x00000000e1900000| PB 0x00000000e1900000| Untracked |  0
|  26|0x00000000e1a00000, 0x00000000e1a00000, 0x00000000e1b00000|  0%| F|  |TAMS 0x00000000e1a00000| PB 0x00000000e1a00000| Untracked |  0
|  27|0x00000000e1b00000, 0x00000000e1b00000, 0x00000000e1c00000|  0%| F|  |TAMS 0x00000000e1b00000| PB 0x00000000e1b00000| Untracked |  0
|  28|0x00000000e1c00000, 0x00000000e1c00000, 0x00000000e1d00000|  0%| F|  |TAMS 0x00000000e1c00000| PB 0x00000000e1c00000| Untracked |  0
|  29|0x00000000e1d00000, 0x00000000e1d00000, 0x00000000e1e00000|  0%| F|  |TAMS 0x00000000e1d00000| PB 0x00000000e1d00000| Untracked |  0
|  30|0x00000000e1e00000, 0x00000000e1e00000, 0x00000000e1f00000|  0%| F|  |TAMS 0x00000000e1e00000| PB 0x00000000e1e00000| Untracked |  0
|  31|0x00000000e1f00000, 0x00000000e1f00000, 0x00000000e2000000|  0%| F|  |TAMS 0x00000000e1f00000| PB 0x00000000e1f00000| Untracked |  0
|  32|0x00000000e2000000, 0x00000000e2000000, 0x00000000e2100000|  0%| F|  |TAMS 0x00000000e2000000| PB 0x00000000e2000000| Untracked |  0
|  33|0x00000000e2100000, 0x00000000e2100000, 0x00000000e2200000|  0%| F|  |TAMS 0x00000000e2100000| PB 0x00000000e2100000| Untracked |  0
|  34|0x00000000e2200000, 0x00000000e2200000, 0x00000000e2300000|  0%| F|  |TAMS 0x00000000e2200000| PB 0x00000000e2200000| Untracked |  0
|  35|0x00000000e2300000, 0x00000000e2300000, 0x00000000e2400000|  0%| F|  |TAMS 0x00000000e2300000| PB 0x00000000e2300000| Untracked |  0
|  36|0x00000000e2400000, 0x00000000e2400000, 0x00000000e2500000|  0%| F|  |TAMS 0x00000000e2400000| PB 0x00000000e2400000| Untracked |  0
|  37|0x00000000e2500000, 0x00000000e2500000, 0x00000000e2600000|  0%| F|  |TAMS 0x00000000e2500000| PB 0x00000000e2500000| Untracked |  0
|  38|0x00000000e2600000, 0x00000000e2600000, 0x00000000e2700000|  0%| F|  |TAMS 0x00000000e2600000| PB 0x00000000e2600000| Untracked |  0
|  39|0x00000000e2700000, 0x00000000e2700000, 0x00000000e2800000|  0%| F|  |TAMS 0x00000000e2700000| PB 0x00000000e2700000| Untracked |  0
|  40|0x00000000e2800000, 0x00000000e2800000, 0x00000000e2900000|  0%| F|  |TAMS 0x00000000e2800000| PB 0x00000000e2800000| Untracked |  0
|  41|0x00000000e2900000, 0x00000000e2900000, 0x00000000e2a00000|  0%| F|  |TAMS 0x00000000e2900000| PB 0x00000000e2900000| Untracked |  0
|  42|0x00000000e2a00000, 0x00000000e2a00000, 0x00000000e2b00000|  0%| F|  |TAMS 0x00000000e2a00000| PB 0x00000000e2a00000| Untracked |  0
|  43|0x00000000e2b00000, 0x00000000e2b00000, 0x00000000e2c00000|  0%| F|  |TAMS 0x00000000e2b00000| PB 0x00000000e2b00000| Untracked |  0
|  44|0x00000000e2c00000, 0x00000000e2c00000, 0x00000000e2d00000|  0%| F|  |TAMS 0x00000000e2c00000| PB 0x00000000e2c00000| Untracked |  0
|  45|0x00000000e2d00000, 0x00000000e2d00000, 0x00000000e2e00000|  0%| F|  |TAMS 0x00000000e2d00000| PB 0x00000000e2d00000| Untracked |  0
|  46|0x00000000e2e00000, 0x00000000e2e00000, 0x00000000e2f00000|  0%| F|  |TAMS 0x00000000e2e00000| PB 0x00000000e2e00000| Untracked |  0
|  47|0x00000000e2f00000, 0x00000000e2f00000, 0x00000000e3000000|  0%| F|  |TAMS 0x00000000e2f00000| PB 0x00000000e2f00000| Untracked |  0
|  48|0x00000000e3000000, 0x00000000e3000000, 0x00000000e3100000|  0%| F|  |TAMS 0x00000000e3000000| PB 0x00000000e3000000| Untracked |  0
|  49|0x00000000e3100000, 0x00000000e3100000, 0x00000000e3200000|  0%| F|  |TAMS 0x00000000e3100000| PB 0x00000000e3100000| Untracked |  0
|  50|0x00000000e3200000, 0x00000000e3200000, 0x00000000e3300000|  0%| F|  |TAMS 0x00000000e3200000| PB 0x00000000e3200000| Untracked |  0
|  51|0x00000000e3300000, 0x00000000e3300000, 0x00000000e3400000|  0%| F|  |TAMS 0x00000000e3300000| PB 0x00000000e3300000| Untracked |  0
|  52|0x00000000e3400000, 0x00000000e3400000, 0x00000000e3500000|  0%| F|  |TAMS 0x00000000e3400000| PB 0x00000000e3400000| Untracked |  0
|  53|0x00000000e3500000, 0x00000000e3500000, 0x00000000e3600000|  0%| F|  |TAMS 0x00000000e3500000| PB 0x00000000e3500000| Untracked |  0
|  54|0x00000000e3600000, 0x00000000e3600000, 0x00000000e3700000|  0%| F|  |TAMS 0x00000000e3600000| PB 0x00000000e3600000| Untracked |  0
|  55|0x00000000e3700000, 0x00000000e3700000, 0x00000000e3800000|  0%| F|  |TAMS 0x00000000e3700000| PB 0x00000000e3700000| Untracked |  0
|  56|0x00000000e3800000, 0x00000000e3800000, 0x00000000e3900000|  0%| F|  |TAMS 0x00000000e3800000| PB 0x00000000e3800000| Untracked |  0
|  57|0x00000000e3900000, 0x00000000e3900000, 0x00000000e3a00000|  0%| F|  |TAMS 0x00000000e3900000| PB 0x00000000e3900000| Untracked |  0
|  58|0x00000000e3a00000, 0x00000000e3a00000, 0x00000000e3b00000|  0%| F|  |TAMS 0x00000000e3a00000| PB 0x00000000e3a00000| Untracked |  0
|  59|0x00000000e3b00000, 0x00000000e3b00000, 0x00000000e3c00000|  0%| F|  |TAMS 0x00000000e3b00000| PB 0x00000000e3b00000| Untracked |  0
|  60|0x00000000e3c00000, 0x00000000e3c00000, 0x00000000e3d00000|  0%| F|  |TAMS 0x00000000e3c00000| PB 0x00000000e3c00000| Untracked |  0
|  61|0x00000000e3d00000, 0x00000000e3d00000, 0x00000000e3e00000|  0%| F|  |TAMS 0x00000000e3d00000| PB 0x00000000e3d00000| Untracked |  0
|  62|0x00000000e3e00000, 0x00000000e3e00000, 0x00000000e3f00000|  0%| F|  |TAMS 0x00000000e3e00000| PB 0x00000000e3e00000| Untracked |  0
|  63|0x00000000e3f00000, 0x00000000e3f00000, 0x00000000e4000000|  0%| F|  |TAMS 0x00000000e3f00000| PB 0x00000000e3f00000| Untracked |  0
|  64|0x00000000e4000000, 0x00000000e4000000, 0x00000000e4100000|  0%| F|  |TAMS 0x00000000e4000000| PB 0x00000000e4000000| Untracked |  0
|  65|0x00000000e4100000, 0x00000000e4100000, 0x00000000e4200000|  0%| F|  |TAMS 0x00000000e4100000| PB 0x00000000e4100000| Untracked |  0
|  66|0x00000000e4200000, 0x00000000e4200000, 0x00000000e4300000|  0%| F|  |TAMS 0x00000000e4200000| PB 0x00000000e4200000| Untracked |  0
|  67|0x00000000e4300000, 0x00000000e4300000, 0x00000000e4400000|  0%| F|  |TAMS 0x00000000e4300000| PB 0x00000000e4300000| Untracked |  0
|  68|0x00000000e4400000, 0x00000000e4400000, 0x00000000e4500000|  0%| F|  |TAMS 0x00000000e4400000| PB 0x00000000e4400000| Untracked |  0
|  69|0x00000000e4500000, 0x00000000e4500000, 0x00000000e4600000|  0%| F|  |TAMS 0x00000000e4500000| PB 0x00000000e4500000| Untracked |  0
|  70|0x00000000e4600000, 0x00000000e4600000, 0x00000000e4700000|  0%| F|  |TAMS 0x00000000e4600000| PB 0x00000000e4600000| Untracked |  0
|  71|0x00000000e4700000, 0x00000000e4700000, 0x00000000e4800000|  0%| F|  |TAMS 0x00000000e4700000| PB 0x00000000e4700000| Untracked |  0
|  72|0x00000000e4800000, 0x00000000e4800000, 0x00000000e4900000|  0%| F|  |TAMS 0x00000000e4800000| PB 0x00000000e4800000| Untracked |  0
|  73|0x00000000e4900000, 0x00000000e4900000, 0x00000000e4a00000|  0%| F|  |TAMS 0x00000000e4900000| PB 0x00000000e4900000| Untracked |  0
|  74|0x00000000e4a00000, 0x00000000e4a00000, 0x00000000e4b00000|  0%| F|  |TAMS 0x00000000e4a00000| PB 0x00000000e4a00000| Untracked |  0
|  75|0x00000000e4b00000, 0x00000000e4b00000, 0x00000000e4c00000|  0%| F|  |TAMS 0x00000000e4b00000| PB 0x00000000e4b00000| Untracked |  0
|  76|0x00000000e4c00000, 0x00000000e4c00000, 0x00000000e4d00000|  0%| F|  |TAMS 0x00000000e4c00000| PB 0x00000000e4c00000| Untracked |  0
|  77|0x00000000e4d00000, 0x00000000e4d00000, 0x00000000e4e00000|  0%| F|  |TAMS 0x00000000e4d00000| PB 0x00000000e4d00000| Untracked |  0
|  78|0x00000000e4e00000, 0x00000000e4e00000, 0x00000000e4f00000|  0%| F|  |TAMS 0x00000000e4e00000| PB 0x00000000e4e00000| Untracked |  0
|  79|0x00000000e4f00000, 0x00000000e4f00000, 0x00000000e5000000|  0%| F|  |TAMS 0x00000000e4f00000| PB 0x00000000e4f00000| Untracked |  0
|  80|0x00000000e5000000, 0x00000000e5000000, 0x00000000e5100000|  0%| F|  |TAMS 0x00000000e5000000| PB 0x00000000e5000000| Untracked |  0
|  81|0x00000000e5100000, 0x00000000e5100000, 0x00000000e5200000|  0%| F|  |TAMS 0x00000000e5100000| PB 0x00000000e5100000| Untracked |  0
|  82|0x00000000e5200000, 0x00000000e5200000, 0x00000000e5300000|  0%| F|  |TAMS 0x00000000e5200000| PB 0x00000000e5200000| Untracked |  0
|  83|0x00000000e5300000, 0x00000000e5300000, 0x00000000e5400000|  0%| F|  |TAMS 0x00000000e5300000| PB 0x00000000e5300000| Untracked |  0
|  84|0x00000000e5400000, 0x00000000e5400000, 0x00000000e5500000|  0%| F|  |TAMS 0x00000000e5400000| PB 0x00000000e5400000| Untracked |  0
|  85|0x00000000e5500000, 0x00000000e5500000, 0x00000000e5600000|  0%| F|  |TAMS 0x00000000e5500000| PB 0x00000000e5500000| Untracked |  0
|  86|0x00000000e5600000, 0x00000000e5600000, 0x00000000e5700000|  0%| F|  |TAMS 0x00000000e5600000| PB 0x00000000e5600000| Untracked |  0
|  87|0x00000000e5700000, 0x00000000e5700000, 0x00000000e5800000|  0%| F|  |TAMS 0x00000000e5700000| PB 0x00000000e5700000| Untracked |  0
|  88|0x00000000e5800000, 0x00000000e5800000, 0x00000000e5900000|  0%| F|  |TAMS 0x00000000e5800000| PB 0x00000000e5800000| Untracked |  0
|  89|0x00000000e5900000, 0x00000000e5900000, 0x00000000e5a00000|  0%| F|  |TAMS 0x00000000e5900000| PB 0x00000000e5900000| Untracked |  0
|  90|0x00000000e5a00000, 0x00000000e5a00000, 0x00000000e5b00000|  0%| F|  |TAMS 0x00000000e5a00000| PB 0x00000000e5a00000| Untracked |  0
|  91|0x00000000e5b00000, 0x00000000e5b00000, 0x00000000e5c00000|  0%| F|  |TAMS 0x00000000e5b00000| PB 0x00000000e5b00000| Untracked |  0
|  92|0x00000000e5c00000, 0x00000000e5c00000, 0x00000000e5d00000|  0%| F|  |TAMS 0x00000000e5c00000| PB 0x00000000e5c00000| Untracked |  0
|  93|0x00000000e5d00000, 0x00000000e5d00000, 0x00000000e5e00000|  0%| F|  |TAMS 0x00000000e5d00000| PB 0x00000000e5d00000| Untracked |  0
|  94|0x00000000e5e00000, 0x00000000e5e00000, 0x00000000e5f00000|  0%| F|  |TAMS 0x00000000e5e00000| PB 0x00000000e5e00000| Untracked |  0
|  95|0x00000000e5f00000, 0x00000000e5f00000, 0x00000000e6000000|  0%| F|  |TAMS 0x00000000e5f00000| PB 0x00000000e5f00000| Untracked |  0
|  96|0x00000000e6000000, 0x00000000e6000000, 0x00000000e6100000|  0%| F|  |TAMS 0x00000000e6000000| PB 0x00000000e6000000| Untracked |  0
|  97|0x00000000e6100000, 0x00000000e6100000, 0x00000000e6200000|  0%| F|  |TAMS 0x00000000e6100000| PB 0x00000000e6100000| Untracked |  0
|  98|0x00000000e6200000, 0x00000000e6200000, 0x00000000e6300000|  0%| F|  |TAMS 0x00000000e6200000| PB 0x00000000e6200000| Untracked |  0
|  99|0x00000000e6300000, 0x00000000e6300000, 0x00000000e6400000|  0%| F|  |TAMS 0x00000000e6300000| PB 0x00000000e6300000| Untracked |  0
| 100|0x00000000e6400000, 0x00000000e6400000, 0x00000000e6500000|  0%| F|  |TAMS 0x00000000e6400000| PB 0x00000000e6400000| Untracked |  0
| 101|0x00000000e6500000, 0x00000000e6500000, 0x00000000e6600000|  0%| F|  |TAMS 0x00000000e6500000| PB 0x00000000e6500000| Untracked |  0
| 102|0x00000000e6600000, 0x00000000e6600000, 0x00000000e6700000|  0%| F|  |TAMS 0x00000000e6600000| PB 0x00000000e6600000| Untracked |  0
| 103|0x00000000e6700000, 0x00000000e6700000, 0x00000000e6800000|  0%| F|  |TAMS 0x00000000e6700000| PB 0x00000000e6700000| Untracked |  0
| 104|0x00000000e6800000, 0x00000000e6800000, 0x00000000e6900000|  0%| F|  |TAMS 0x00000000e6800000| PB 0x00000000e6800000| Untracked |  0
| 105|0x00000000e6900000, 0x00000000e6900000, 0x00000000e6a00000|  0%| F|  |TAMS 0x00000000e6900000| PB 0x00000000e6900000| Untracked |  0
| 106|0x00000000e6a00000, 0x00000000e6a00000, 0x00000000e6b00000|  0%| F|  |TAMS 0x00000000e6a00000| PB 0x00000000e6a00000| Untracked |  0
| 107|0x00000000e6b00000, 0x00000000e6b00000, 0x00000000e6c00000|  0%| F|  |TAMS 0x00000000e6b00000| PB 0x00000000e6b00000| Untracked |  0
| 108|0x00000000e6c00000, 0x00000000e6c00000, 0x00000000e6d00000|  0%| F|  |TAMS 0x00000000e6c00000| PB 0x00000000e6c00000| Untracked |  0
| 109|0x00000000e6d00000, 0x00000000e6d00000, 0x00000000e6e00000|  0%| F|  |TAMS 0x00000000e6d00000| PB 0x00000000e6d00000| Untracked |  0
| 110|0x00000000e6e00000, 0x00000000e6e00000, 0x00000000e6f00000|  0%| F|  |TAMS 0x00000000e6e00000| PB 0x00000000e6e00000| Untracked |  0
| 111|0x00000000e6f00000, 0x00000000e6f00000, 0x00000000e7000000|  0%| F|  |TAMS 0x00000000e6f00000| PB 0x00000000e6f00000| Untracked |  0
| 112|0x00000000e7000000, 0x00000000e7000000, 0x00000000e7100000|  0%| F|  |TAMS 0x00000000e7000000| PB 0x00000000e7000000| Untracked |  0
| 113|0x00000000e7100000, 0x00000000e7100000, 0x00000000e7200000|  0%| F|  |TAMS 0x00000000e7100000| PB 0x00000000e7100000| Untracked |  0
| 114|0x00000000e7200000, 0x00000000e7200000, 0x00000000e7300000|  0%| F|  |TAMS 0x00000000e7200000| PB 0x00000000e7200000| Untracked |  0
| 115|0x00000000e7300000, 0x00000000e7300000, 0x00000000e7400000|  0%| F|  |TAMS 0x00000000e7300000| PB 0x00000000e7300000| Untracked |  0
| 116|0x00000000e7400000, 0x00000000e7400000, 0x00000000e7500000|  0%| F|  |TAMS 0x00000000e7400000| PB 0x00000000e7400000| Untracked |  0
| 117|0x00000000e7500000, 0x00000000e7500000, 0x00000000e7600000|  0%| F|  |TAMS 0x00000000e7500000| PB 0x00000000e7500000| Untracked |  0
| 118|0x00000000e7600000, 0x00000000e7600000, 0x00000000e7700000|  0%| F|  |TAMS 0x00000000e7600000| PB 0x00000000e7600000| Untracked |  0
| 119|0x00000000e7700000, 0x00000000e7700000, 0x00000000e7800000|  0%| F|  |TAMS 0x00000000e7700000| PB 0x00000000e7700000| Untracked |  0
| 120|0x00000000e7800000, 0x00000000e7800000, 0x00000000e7900000|  0%| F|  |TAMS 0x00000000e7800000| PB 0x00000000e7800000| Untracked |  0
| 121|0x00000000e7900000, 0x00000000e7900000, 0x00000000e7a00000|  0%| F|  |TAMS 0x00000000e7900000| PB 0x00000000e7900000| Untracked |  0
| 122|0x00000000e7a00000, 0x00000000e7a00000, 0x00000000e7b00000|  0%| F|  |TAMS 0x00000000e7a00000| PB 0x00000000e7a00000| Untracked |  0
| 123|0x00000000e7b00000, 0x00000000e7b00000, 0x00000000e7c00000|  0%| F|  |TAMS 0x00000000e7b00000| PB 0x00000000e7b00000| Untracked |  0
| 124|0x00000000e7c00000, 0x00000000e7c00000, 0x00000000e7d00000|  0%| F|  |TAMS 0x00000000e7c00000| PB 0x00000000e7c00000| Untracked |  0
| 125|0x00000000e7d00000, 0x00000000e7d00000, 0x00000000e7e00000|  0%| F|  |TAMS 0x00000000e7d00000| PB 0x00000000e7d00000| Untracked |  0
| 126|0x00000000e7e00000, 0x00000000e7e00000, 0x00000000e7f00000|  0%| F|  |TAMS 0x00000000e7e00000| PB 0x00000000e7e00000| Untracked |  0
| 127|0x00000000e7f00000, 0x00000000e7f00000, 0x00000000e8000000|  0%| F|  |TAMS 0x00000000e7f00000| PB 0x00000000e7f00000| Untracked |  0
| 128|0x00000000e8000000, 0x00000000e8000000, 0x00000000e8100000|  0%| F|  |TAMS 0x00000000e8000000| PB 0x00000000e8000000| Untracked |  0
| 129|0x00000000e8100000, 0x00000000e8100000, 0x00000000e8200000|  0%| F|  |TAMS 0x00000000e8100000| PB 0x00000000e8100000| Untracked |  0
| 130|0x00000000e8200000, 0x00000000e8200000, 0x00000000e8300000|  0%| F|  |TAMS 0x00000000e8200000| PB 0x00000000e8200000| Untracked |  0
| 131|0x00000000e8300000, 0x00000000e8300000, 0x00000000e8400000|  0%| F|  |TAMS 0x00000000e8300000| PB 0x00000000e8300000| Untracked |  0
| 132|0x00000000e8400000, 0x00000000e8400000, 0x00000000e8500000|  0%| F|  |TAMS 0x00000000e8400000| PB 0x00000000e8400000| Untracked |  0
| 133|0x00000000e8500000, 0x00000000e8500000, 0x00000000e8600000|  0%| F|  |TAMS 0x00000000e8500000| PB 0x00000000e8500000| Untracked |  0
| 134|0x00000000e8600000, 0x00000000e8600000, 0x00000000e8700000|  0%| F|  |TAMS 0x00000000e8600000| PB 0x00000000e8600000| Untracked |  0
| 135|0x00000000e8700000, 0x00000000e8700000, 0x00000000e8800000|  0%| F|  |TAMS 0x00000000e8700000| PB 0x00000000e8700000| Untracked |  0
| 136|0x00000000e8800000, 0x00000000e8800000, 0x00000000e8900000|  0%| F|  |TAMS 0x00000000e8800000| PB 0x00000000e8800000| Untracked |  0
| 137|0x00000000e8900000, 0x00000000e8900000, 0x00000000e8a00000|  0%| F|  |TAMS 0x00000000e8900000| PB 0x00000000e8900000| Untracked |  0
| 138|0x00000000e8a00000, 0x00000000e8a00000, 0x00000000e8b00000|  0%| F|  |TAMS 0x00000000e8a00000| PB 0x00000000e8a00000| Untracked |  0
| 139|0x00000000e8b00000, 0x00000000e8b00000, 0x00000000e8c00000|  0%| F|  |TAMS 0x00000000e8b00000| PB 0x00000000e8b00000| Untracked |  0
| 140|0x00000000e8c00000, 0x00000000e8c00000, 0x00000000e8d00000|  0%| F|  |TAMS 0x00000000e8c00000| PB 0x00000000e8c00000| Untracked |  0
| 141|0x00000000e8d00000, 0x00000000e8d00000, 0x00000000e8e00000|  0%| F|  |TAMS 0x00000000e8d00000| PB 0x00000000e8d00000| Untracked |  0
| 142|0x00000000e8e00000, 0x00000000e8e00000, 0x00000000e8f00000|  0%| F|  |TAMS 0x00000000e8e00000| PB 0x00000000e8e00000| Untracked |  0
| 143|0x00000000e8f00000, 0x00000000e8f00000, 0x00000000e9000000|  0%| F|  |TAMS 0x00000000e8f00000| PB 0x00000000e8f00000| Untracked |  0
| 144|0x00000000e9000000, 0x00000000e9000000, 0x00000000e9100000|  0%| F|  |TAMS 0x00000000e9000000| PB 0x00000000e9000000| Untracked |  0
| 145|0x00000000e9100000, 0x00000000e9100000, 0x00000000e9200000|  0%| F|  |TAMS 0x00000000e9100000| PB 0x00000000e9100000| Untracked |  0
| 146|0x00000000e9200000, 0x00000000e9200000, 0x00000000e9300000|  0%| F|  |TAMS 0x00000000e9200000| PB 0x00000000e9200000| Untracked |  0
| 147|0x00000000e9300000, 0x00000000e9300000, 0x00000000e9400000|  0%| F|  |TAMS 0x00000000e9300000| PB 0x00000000e9300000| Untracked |  0
| 148|0x00000000e9400000, 0x00000000e9400000, 0x00000000e9500000|  0%| F|  |TAMS 0x00000000e9400000| PB 0x00000000e9400000| Untracked |  0
| 149|0x00000000e9500000, 0x00000000e9500000, 0x00000000e9600000|  0%| F|  |TAMS 0x00000000e9500000| PB 0x00000000e9500000| Untracked |  0
| 150|0x00000000e9600000, 0x00000000e9600000, 0x00000000e9700000|  0%| F|  |TAMS 0x00000000e9600000| PB 0x00000000e9600000| Untracked |  0
| 151|0x00000000e9700000, 0x00000000e9700000, 0x00000000e9800000|  0%| F|  |TAMS 0x00000000e9700000| PB 0x00000000e9700000| Untracked |  0
| 152|0x00000000e9800000, 0x00000000e9800000, 0x00000000e9900000|  0%| F|  |TAMS 0x00000000e9800000| PB 0x00000000e9800000| Untracked |  0
| 153|0x00000000e9900000, 0x00000000e9900000, 0x00000000e9a00000|  0%| F|  |TAMS 0x00000000e9900000| PB 0x00000000e9900000| Untracked |  0
| 154|0x00000000e9a00000, 0x00000000e9a00000, 0x00000000e9b00000|  0%| F|  |TAMS 0x00000000e9a00000| PB 0x00000000e9a00000| Untracked |  0
| 155|0x00000000e9b00000, 0x00000000e9b00000, 0x00000000e9c00000|  0%| F|  |TAMS 0x00000000e9b00000| PB 0x00000000e9b00000| Untracked |  0
| 156|0x00000000e9c00000, 0x00000000e9c00000, 0x00000000e9d00000|  0%| F|  |TAMS 0x00000000e9c00000| PB 0x00000000e9c00000| Untracked |  0
| 157|0x00000000e9d00000, 0x00000000e9d00000, 0x00000000e9e00000|  0%| F|  |TAMS 0x00000000e9d00000| PB 0x00000000e9d00000| Untracked |  0
| 158|0x00000000e9e00000, 0x00000000e9e00000, 0x00000000e9f00000|  0%| F|  |TAMS 0x00000000e9e00000| PB 0x00000000e9e00000| Untracked |  0
| 159|0x00000000e9f00000, 0x00000000e9f00000, 0x00000000ea000000|  0%| F|  |TAMS 0x00000000e9f00000| PB 0x00000000e9f00000| Untracked |  0
| 160|0x00000000ea000000, 0x00000000ea000000, 0x00000000ea100000|  0%| F|  |TAMS 0x00000000ea000000| PB 0x00000000ea000000| Untracked |  0
| 161|0x00000000ea100000, 0x00000000ea100000, 0x00000000ea200000|  0%| F|  |TAMS 0x00000000ea100000| PB 0x00000000ea100000| Untracked |  0
| 162|0x00000000ea200000, 0x00000000ea200000, 0x00000000ea300000|  0%| F|  |TAMS 0x00000000ea200000| PB 0x00000000ea200000| Untracked |  0
| 163|0x00000000ea300000, 0x00000000ea300000, 0x00000000ea400000|  0%| F|  |TAMS 0x00000000ea300000| PB 0x00000000ea300000| Untracked |  0
| 164|0x00000000ea400000, 0x00000000ea400000, 0x00000000ea500000|  0%| F|  |TAMS 0x00000000ea400000| PB 0x00000000ea400000| Untracked |  0
| 165|0x00000000ea500000, 0x00000000ea500000, 0x00000000ea600000|  0%| F|  |TAMS 0x00000000ea500000| PB 0x00000000ea500000| Untracked |  0
| 166|0x00000000ea600000, 0x00000000ea600000, 0x00000000ea700000|  0%| F|  |TAMS 0x00000000ea600000| PB 0x00000000ea600000| Untracked |  0
| 167|0x00000000ea700000, 0x00000000ea700000, 0x00000000ea800000|  0%| F|  |TAMS 0x00000000ea700000| PB 0x00000000ea700000| Untracked |  0
| 168|0x00000000ea800000, 0x00000000ea800000, 0x00000000ea900000|  0%| F|  |TAMS 0x00000000ea800000| PB 0x00000000ea800000| Untracked |  0
| 169|0x00000000ea900000, 0x00000000ea900000, 0x00000000eaa00000|  0%| F|  |TAMS 0x00000000ea900000| PB 0x00000000ea900000| Untracked |  0
| 170|0x00000000eaa00000, 0x00000000eaa00000, 0x00000000eab00000|  0%| F|  |TAMS 0x00000000eaa00000| PB 0x00000000eaa00000| Untracked |  0
| 171|0x00000000eab00000, 0x00000000eab00000, 0x00000000eac00000|  0%| F|  |TAMS 0x00000000eab00000| PB 0x00000000eab00000| Untracked |  0
| 172|0x00000000eac00000, 0x00000000eac00000, 0x00000000ead00000|  0%| F|  |TAMS 0x00000000eac00000| PB 0x00000000eac00000| Untracked |  0
| 173|0x00000000ead00000, 0x00000000ead00000, 0x00000000eae00000|  0%| F|  |TAMS 0x00000000ead00000| PB 0x00000000ead00000| Untracked |  0
| 174|0x00000000eae00000, 0x00000000eae00000, 0x00000000eaf00000|  0%| F|  |TAMS 0x00000000eae00000| PB 0x00000000eae00000| Untracked |  0
| 175|0x00000000eaf00000, 0x00000000eaf00000, 0x00000000eb000000|  0%| F|  |TAMS 0x00000000eaf00000| PB 0x00000000eaf00000| Untracked |  0
| 176|0x00000000eb000000, 0x00000000eb000000, 0x00000000eb100000|  0%| F|  |TAMS 0x00000000eb000000| PB 0x00000000eb000000| Untracked |  0
| 177|0x00000000eb100000, 0x00000000eb100000, 0x00000000eb200000|  0%| F|  |TAMS 0x00000000eb100000| PB 0x00000000eb100000| Untracked |  0
| 178|0x00000000eb200000, 0x00000000eb200000, 0x00000000eb300000|  0%| F|  |TAMS 0x00000000eb200000| PB 0x00000000eb200000| Untracked |  0
| 179|0x00000000eb300000, 0x00000000eb300000, 0x00000000eb400000|  0%| F|  |TAMS 0x00000000eb300000| PB 0x00000000eb300000| Untracked |  0
| 180|0x00000000eb400000, 0x00000000eb400000, 0x00000000eb500000|  0%| F|  |TAMS 0x00000000eb400000| PB 0x00000000eb400000| Untracked |  0
| 181|0x00000000eb500000, 0x00000000eb500000, 0x00000000eb600000|  0%| F|  |TAMS 0x00000000eb500000| PB 0x00000000eb500000| Untracked |  0
| 182|0x00000000eb600000, 0x00000000eb600000, 0x00000000eb700000|  0%| F|  |TAMS 0x00000000eb600000| PB 0x00000000eb600000| Untracked |  0
| 183|0x00000000eb700000, 0x00000000eb700000, 0x00000000eb800000|  0%| F|  |TAMS 0x00000000eb700000| PB 0x00000000eb700000| Untracked |  0
| 184|0x00000000eb800000, 0x00000000eb800000, 0x00000000eb900000|  0%| F|  |TAMS 0x00000000eb800000| PB 0x00000000eb800000| Untracked |  0
| 185|0x00000000eb900000, 0x00000000eb900000, 0x00000000eba00000|  0%| F|  |TAMS 0x00000000eb900000| PB 0x00000000eb900000| Untracked |  0
| 186|0x00000000eba00000, 0x00000000eba00000, 0x00000000ebb00000|  0%| F|  |TAMS 0x00000000eba00000| PB 0x00000000eba00000| Untracked |  0
| 187|0x00000000ebb00000, 0x00000000ebb00000, 0x00000000ebc00000|  0%| F|  |TAMS 0x00000000ebb00000| PB 0x00000000ebb00000| Untracked |  0
| 188|0x00000000ebc00000, 0x00000000ebc00000, 0x00000000ebd00000|  0%| F|  |TAMS 0x00000000ebc00000| PB 0x00000000ebc00000| Untracked |  0
| 189|0x00000000ebd00000, 0x00000000ebd00000, 0x00000000ebe00000|  0%| F|  |TAMS 0x00000000ebd00000| PB 0x00000000ebd00000| Untracked |  0
| 190|0x00000000ebe00000, 0x00000000ebf00000, 0x00000000ebf00000|100%| S|CS|TAMS 0x00000000ebe00000| PB 0x00000000ebe00000| Complete |  0
| 191|0x00000000ebf00000, 0x00000000ec000000, 0x00000000ec000000|100%| S|CS|TAMS 0x00000000ebf00000| PB 0x00000000ebf00000| Complete |  0
| 192|0x00000000ec000000, 0x00000000ec100000, 0x00000000ec100000|100%| S|CS|TAMS 0x00000000ec000000| PB 0x00000000ec000000| Complete |  0
| 193|0x00000000ec100000, 0x00000000ec200000, 0x00000000ec200000|100%| S|CS|TAMS 0x00000000ec100000| PB 0x00000000ec100000| Complete |  0
| 194|0x00000000ec200000, 0x00000000ec200000, 0x00000000ec300000|  0%| F|  |TAMS 0x00000000ec200000| PB 0x00000000ec200000| Untracked |  0
| 195|0x00000000ec300000, 0x00000000ec300000, 0x00000000ec400000|  0%| F|  |TAMS 0x00000000ec300000| PB 0x00000000ec300000| Untracked |  0
| 196|0x00000000ec400000, 0x00000000ec400000, 0x00000000ec500000|  0%| F|  |TAMS 0x00000000ec400000| PB 0x00000000ec400000| Untracked |  0
| 197|0x00000000ec500000, 0x00000000ec580000, 0x00000000ec600000| 50%| E|  |TAMS 0x00000000ec500000| PB 0x00000000ec500000| Complete |  0
| 198|0x00000000ec600000, 0x00000000ec700000, 0x00000000ec700000|100%| E|CS|TAMS 0x00000000ec600000| PB 0x00000000ec600000| Complete |  0
| 199|0x00000000ec700000, 0x00000000ec800000, 0x00000000ec800000|100%| E|CS|TAMS 0x00000000ec700000| PB 0x00000000ec700000| Complete |  0
| 200|0x00000000ec800000, 0x00000000ec900000, 0x00000000ec900000|100%| E|CS|TAMS 0x00000000ec800000| PB 0x00000000ec800000| Complete |  0
| 201|0x00000000ec900000, 0x00000000eca00000, 0x00000000eca00000|100%| E|CS|TAMS 0x00000000ec900000| PB 0x00000000ec900000| Complete |  0
| 202|0x00000000eca00000, 0x00000000ecb00000, 0x00000000ecb00000|100%| E|CS|TAMS 0x00000000eca00000| PB 0x00000000eca00000| Complete |  0
| 203|0x00000000ecb00000, 0x00000000ecc00000, 0x00000000ecc00000|100%| E|CS|TAMS 0x00000000ecb00000| PB 0x00000000ecb00000| Complete |  0
| 204|0x00000000ecc00000, 0x00000000ecd00000, 0x00000000ecd00000|100%| E|CS|TAMS 0x00000000ecc00000| PB 0x00000000ecc00000| Complete |  0
| 205|0x00000000ecd00000, 0x00000000ece00000, 0x00000000ece00000|100%| E|CS|TAMS 0x00000000ecd00000| PB 0x00000000ecd00000| Complete |  0
| 206|0x00000000ece00000, 0x00000000ecf00000, 0x00000000ecf00000|100%| E|CS|TAMS 0x00000000ece00000| PB 0x00000000ece00000| Complete |  0
| 207|0x00000000ecf00000, 0x00000000ed000000, 0x00000000ed000000|100%| E|CS|TAMS 0x00000000ecf00000| PB 0x00000000ecf00000| Complete |  0
| 208|0x00000000ed000000, 0x00000000ed100000, 0x00000000ed100000|100%| E|CS|TAMS 0x00000000ed000000| PB 0x00000000ed000000| Complete |  0
| 209|0x00000000ed100000, 0x00000000ed200000, 0x00000000ed200000|100%| E|CS|TAMS 0x00000000ed100000| PB 0x00000000ed100000| Complete |  0
| 210|0x00000000ed200000, 0x00000000ed300000, 0x00000000ed300000|100%| E|CS|TAMS 0x00000000ed200000| PB 0x00000000ed200000| Complete |  0
| 211|0x00000000ed300000, 0x00000000ed400000, 0x00000000ed400000|100%| E|CS|TAMS 0x00000000ed300000| PB 0x00000000ed300000| Complete |  0
| 212|0x00000000ed400000, 0x00000000ed500000, 0x00000000ed500000|100%| E|CS|TAMS 0x00000000ed400000| PB 0x00000000ed400000| Complete |  0
| 213|0x00000000ed500000, 0x00000000ed600000, 0x00000000ed600000|100%| E|CS|TAMS 0x00000000ed500000| PB 0x00000000ed500000| Complete |  0
| 214|0x00000000ed600000, 0x00000000ed700000, 0x00000000ed700000|100%| E|CS|TAMS 0x00000000ed600000| PB 0x00000000ed600000| Complete |  0
| 215|0x00000000ed700000, 0x00000000ed800000, 0x00000000ed800000|100%| E|CS|TAMS 0x00000000ed700000| PB 0x00000000ed700000| Complete |  0
| 216|0x00000000ed800000, 0x00000000ed900000, 0x00000000ed900000|100%| E|CS|TAMS 0x00000000ed800000| PB 0x00000000ed800000| Complete |  0
| 217|0x00000000ed900000, 0x00000000eda00000, 0x00000000eda00000|100%| E|CS|TAMS 0x00000000ed900000| PB 0x00000000ed900000| Complete |  0
| 218|0x00000000eda00000, 0x00000000edb00000, 0x00000000edb00000|100%| E|CS|TAMS 0x00000000eda00000| PB 0x00000000eda00000| Complete |  0
| 219|0x00000000edb00000, 0x00000000edc00000, 0x00000000edc00000|100%| E|CS|TAMS 0x00000000edb00000| PB 0x00000000edb00000| Complete |  0
| 220|0x00000000edc00000, 0x00000000edd00000, 0x00000000edd00000|100%| E|CS|TAMS 0x00000000edc00000| PB 0x00000000edc00000| Complete |  0
| 221|0x00000000edd00000, 0x00000000ede00000, 0x00000000ede00000|100%| E|CS|TAMS 0x00000000edd00000| PB 0x00000000edd00000| Complete |  0
| 222|0x00000000ede00000, 0x00000000edf00000, 0x00000000edf00000|100%| E|CS|TAMS 0x00000000ede00000| PB 0x00000000ede00000| Complete |  0
| 223|0x00000000edf00000, 0x00000000ee000000, 0x00000000ee000000|100%| E|CS|TAMS 0x00000000edf00000| PB 0x00000000edf00000| Complete |  0
| 224|0x00000000ee000000, 0x00000000ee100000, 0x00000000ee100000|100%| E|CS|TAMS 0x00000000ee000000| PB 0x00000000ee000000| Complete |  0
| 225|0x00000000ee100000, 0x00000000ee200000, 0x00000000ee200000|100%| E|CS|TAMS 0x00000000ee100000| PB 0x00000000ee100000| Complete |  0
| 226|0x00000000ee200000, 0x00000000ee300000, 0x00000000ee300000|100%| E|CS|TAMS 0x00000000ee200000| PB 0x00000000ee200000| Complete |  0
| 227|0x00000000ee300000, 0x00000000ee400000, 0x00000000ee400000|100%| E|CS|TAMS 0x00000000ee300000| PB 0x00000000ee300000| Complete |  0
| 228|0x00000000ee400000, 0x00000000ee500000, 0x00000000ee500000|100%| E|CS|TAMS 0x00000000ee400000| PB 0x00000000ee400000| Complete |  0
| 229|0x00000000ee500000, 0x00000000ee600000, 0x00000000ee600000|100%| E|CS|TAMS 0x00000000ee500000| PB 0x00000000ee500000| Complete |  0
| 230|0x00000000ee600000, 0x00000000ee700000, 0x00000000ee700000|100%| E|CS|TAMS 0x00000000ee600000| PB 0x00000000ee600000| Complete |  0
| 231|0x00000000ee700000, 0x00000000ee800000, 0x00000000ee800000|100%| E|CS|TAMS 0x00000000ee700000| PB 0x00000000ee700000| Complete |  0
| 232|0x00000000ee800000, 0x00000000ee900000, 0x00000000ee900000|100%| E|CS|TAMS 0x00000000ee800000| PB 0x00000000ee800000| Complete |  0
| 233|0x00000000ee900000, 0x00000000eea00000, 0x00000000eea00000|100%| E|CS|TAMS 0x00000000ee900000| PB 0x00000000ee900000| Complete |  0
| 234|0x00000000eea00000, 0x00000000eeb00000, 0x00000000eeb00000|100%| E|CS|TAMS 0x00000000eea00000| PB 0x00000000eea00000| Complete |  0
| 235|0x00000000eeb00000, 0x00000000eec00000, 0x00000000eec00000|100%| E|CS|TAMS 0x00000000eeb00000| PB 0x00000000eeb00000| Complete |  0
| 236|0x00000000eec00000, 0x00000000eed00000, 0x00000000eed00000|100%| E|CS|TAMS 0x00000000eec00000| PB 0x00000000eec00000| Complete |  0
| 237|0x00000000eed00000, 0x00000000eee00000, 0x00000000eee00000|100%| E|CS|TAMS 0x00000000eed00000| PB 0x00000000eed00000| Complete |  0
| 238|0x00000000eee00000, 0x00000000eef00000, 0x00000000eef00000|100%| E|CS|TAMS 0x00000000eee00000| PB 0x00000000eee00000| Complete |  0
| 239|0x00000000eef00000, 0x00000000ef000000, 0x00000000ef000000|100%| E|CS|TAMS 0x00000000eef00000| PB 0x00000000eef00000| Complete |  0
| 240|0x00000000ef000000, 0x00000000ef100000, 0x00000000ef100000|100%| E|CS|TAMS 0x00000000ef000000| PB 0x00000000ef000000| Complete |  0
| 241|0x00000000ef100000, 0x00000000ef200000, 0x00000000ef200000|100%| E|CS|TAMS 0x00000000ef100000| PB 0x00000000ef100000| Complete |  0
| 242|0x00000000ef200000, 0x00000000ef300000, 0x00000000ef300000|100%| E|CS|TAMS 0x00000000ef200000| PB 0x00000000ef200000| Complete |  0
| 243|0x00000000ef300000, 0x00000000ef400000, 0x00000000ef400000|100%| E|CS|TAMS 0x00000000ef300000| PB 0x00000000ef300000| Complete |  0
| 244|0x00000000ef400000, 0x00000000ef500000, 0x00000000ef500000|100%| E|CS|TAMS 0x00000000ef400000| PB 0x00000000ef400000| Complete |  0
| 245|0x00000000ef500000, 0x00000000ef600000, 0x00000000ef600000|100%| E|CS|TAMS 0x00000000ef500000| PB 0x00000000ef500000| Complete |  0
| 246|0x00000000ef600000, 0x00000000ef700000, 0x00000000ef700000|100%| E|CS|TAMS 0x00000000ef600000| PB 0x00000000ef600000| Complete |  0
| 247|0x00000000ef700000, 0x00000000ef800000, 0x00000000ef800000|100%| E|CS|TAMS 0x00000000ef700000| PB 0x00000000ef700000| Complete |  0
| 248|0x00000000ef800000, 0x00000000ef900000, 0x00000000ef900000|100%| E|CS|TAMS 0x00000000ef800000| PB 0x00000000ef800000| Complete |  0
| 249|0x00000000ef900000, 0x00000000efa00000, 0x00000000efa00000|100%| E|CS|TAMS 0x00000000ef900000| PB 0x00000000ef900000| Complete |  0
| 250|0x00000000efa00000, 0x00000000efb00000, 0x00000000efb00000|100%| E|CS|TAMS 0x00000000efa00000| PB 0x00000000efa00000| Complete |  0
| 251|0x00000000efb00000, 0x00000000efc00000, 0x00000000efc00000|100%| E|CS|TAMS 0x00000000efb00000| PB 0x00000000efb00000| Complete |  0
| 252|0x00000000efc00000, 0x00000000efd00000, 0x00000000efd00000|100%| E|CS|TAMS 0x00000000efc00000| PB 0x00000000efc00000| Complete |  0
| 255|0x00000000eff00000, 0x00000000f0000000, 0x00000000f0000000|100%| E|CS|TAMS 0x00000000eff00000| PB 0x00000000eff00000| Complete |  0
| 510|0x00000000ffe00000, 0x00000000fff00000, 0x00000000fff00000|100%| O|  |TAMS 0x00000000ffe00000| PB 0x00000000ffe00000| Untracked |  0
| 511|0x00000000fff00000, 0x00000000fff1c320, 0x0000000100000000| 11%| O|Cm|TAMS 0x00000000fff00000| PB 0x00000000fff00000| Complete |  0

Card table byte_map: [0x00000244c58b0000,0x00000244c59b0000] _byte_map_base: 0x00000244c51b0000

Marking Bits: (CMBitMap*) 0x00000244adce8d80
 Bits: [0x00000244c59b0000, 0x00000244c61b0000)

Polling page: 0x00000244abd20000

Metaspace:

Usage:
  Non-class:     24.00 MB used.
      Class:      3.15 MB used.
       Both:     27.15 MB used.

Virtual space:
  Non-class space:       64.00 MB reserved,      24.50 MB ( 38%) committed,  1 nodes.
      Class space:      320.00 MB reserved,       3.56 MB (  1%) committed,  1 nodes.
             Both:      384.00 MB reserved,      28.06 MB (  7%) committed. 

Chunk freelists:
   Non-Class:  7.14 MB
       Class:  12.33 MB
        Both:  19.47 MB

MaxMetaspaceSize: 384.00 MB
CompressedClassSpaceSize: 320.00 MB
Initial GC threshold: 21.00 MB
Current GC threshold: 35.25 MB
CDS: on
 - commit_granule_bytes: 65536.
 - commit_granule_words: 8192.
 - virtual_space_node_default_size: 8388608.
 - enlarge_chunks_in_place: 1.
UseCompressedClassPointers 1, UseCompactObjectHeaders 0
Narrow klass pointer bits 32, Max shift 3
Narrow klass base: 0x00000244c9000000, Narrow klass shift: 0
Encoding Range: [0x00000244c9000000 - 0x00000245c9000000), (4294967296 bytes)
Klass Range:    [0x00000244c9000000 - 0x00000244de000000), (352321536 bytes)
Klass ID Range:  [8 - 352321529) (352321521)


Internal statistics:

num_allocs_failed_limit: 3.
num_arena_births: 1502.
num_arena_deaths: 0.
num_vsnodes_births: 2.
num_vsnodes_deaths: 0.
num_space_committed: 449.
num_space_uncommitted: 0.
num_chunks_returned_to_freelist: 3.
num_chunks_taken_from_freelist: 2663.
num_chunk_merges: 3.
num_chunk_splits: 1746.
num_chunks_enlarged: 1147.
num_inconsistent_stats: 0.

CodeHeap 'non-profiled nmethods': size=120064Kb used=1818Kb max_used=1818Kb free=118245Kb
 bounds [0x00000244be270000, 0x00000244be4e0000, 0x00000244c57b0000]
CodeHeap 'profiled nmethods': size=120000Kb used=6909Kb max_used=6909Kb free=113090Kb
 bounds [0x00000244b67b0000, 0x00000244b6e70000, 0x00000244bdce0000]
CodeHeap 'non-nmethods': size=5696Kb used=1517Kb max_used=1518Kb free=4179Kb
 bounds [0x00000244bdce0000, 0x00000244bdf50000, 0x00000244be270000]
CodeCache: size=245760Kb, used=10244Kb, max_used=10245Kb, free=235514Kb
 total_blobs=4514, nmethods=3907, adapters=509, full_count=0
Compilation: enabled, stopped_count=0, restarted_count=0

Compilation events (20 events):
Event: 18.842 Thread 0x00000244c87c8f90 3902       3       java.lang.Class::getMethod0 (32 bytes)
Event: 18.844 Thread 0x00000244c87c8f90 nmethod 3902 0x00000244b6e6a388 code [0x00000244b6e6a4c0, 0x00000244b6e6a750]
Event: 18.844 Thread 0x00000244c87c8f90 3903       3       java.lang.PublicMethods$MethodList::getMostSpecific (63 bytes)
Event: 18.844 Thread 0x00000244c87c8f90 nmethod 3903 0x00000244b6e6a788 code [0x00000244b6e6a8c0, 0x00000244b6e6ad00]
Event: 18.844 Thread 0x00000244c87c8f90 3904       3       sun.invoke.util.VerifyAccess::isModuleAccessible (97 bytes)
Event: 18.846 Thread 0x00000244c87c8f90 nmethod 3904 0x00000244b6e6ad88 code [0x00000244b6e6afc0, 0x00000244b6e6c068]
Event: 18.847 Thread 0x00000244c87c8f90 3905       3       java.lang.PublicMethods$MethodList::length (24 bytes)
Event: 18.848 Thread 0x00000244c87c8f90 nmethod 3905 0x00000244b6e6c108 code [0x00000244b6e6c220, 0x00000244b6e6c3d0]
Event: 18.848 Thread 0x00000244c87c8f90 3907       3       java.lang.PublicMethods$MethodList::merge (192 bytes)
Event: 18.849 Thread 0x00000244c87c8f90 nmethod 3907 0x00000244b6e6c408 code [0x00000244b6e6c600, 0x00000244b6e6d4b0]
Event: 18.849 Thread 0x00000244c87c8f90 3906       3       java.lang.PublicMethods::merge (81 bytes)
Event: 18.850 Thread 0x00000244c87c8f90 nmethod 3906 0x00000244b6e6d508 code [0x00000244b6e6d6c0, 0x00000244b6e6e0c0]
Event: 18.850 Thread 0x00000244c87c8f90 3908       3       java.lang.ref.SoftReference::<init> (14 bytes)
Event: 18.851 Thread 0x00000244c87c8f90 nmethod 3908 0x00000244b6e6e188 code [0x00000244b6e6e2c0, 0x00000244b6e6e598]
Event: 18.851 Thread 0x00000244c87c8f90 3909       3       java.util.concurrent.atomic.AtomicInteger::incrementAndGet (14 bytes)
Event: 18.851 Thread 0x00000244c87c8f90 nmethod 3909 0x00000244b6e6e608 code [0x00000244b6e6e720, 0x00000244b6e6e838]
Event: 18.851 Thread 0x00000244c87c8f90 3910       3       org.codehaus.groovy.util.LockableObject::<init> (5 bytes)
Event: 18.851 Thread 0x00000244c87c8f90 nmethod 3910 0x00000244b6e6e908 code [0x00000244b6e6ea20, 0x00000244b6e6ec40]
Event: 18.851 Thread 0x00000244c87c8f90 3911       3       org.codehaus.groovy.util.LazyReference::<init> (17 bytes)
Event: 18.852 Thread 0x00000244c87c8f90 nmethod 3911 0x00000244b6e6ec88 code [0x00000244b6e6edc0, 0x00000244b6e6f108]

GC Heap History (6 events):
Event: 4.095 GC heap before
{Heap before GC invocations=0 (full 0):
 garbage-first heap   total reserved 524288K, committed 264192K, used 29808K [0x00000000e0000000, 0x0000000100000000)
  region size 1024K, 28 young (28672K), 0 survivors (0K)
 Metaspace       used 1059K, committed 1216K, reserved 393216K
  class space    used 56K, committed 128K, reserved 327680K
}
Event: 4.110 GC heap after
{Heap after GC invocations=1 (full 0):
 garbage-first heap   total reserved 524288K, committed 264192K, used 6360K [0x00000000e0000000, 0x0000000100000000)
  region size 1024K, 4 young (4096K), 4 survivors (4096K)
 Metaspace       used 1059K, committed 1216K, reserved 393216K
  class space    used 56K, committed 128K, reserved 327680K
}
Event: 11.106 GC heap before
{Heap before GC invocations=1 (full 0):
 garbage-first heap   total reserved 524288K, committed 264192K, used 120024K [0x00000000e0000000, 0x0000000100000000)
  region size 1024K, 111 young (113664K), 4 survivors (4096K)
 Metaspace       used 12117K, committed 12480K, reserved 393216K
  class space    used 1236K, committed 1408K, reserved 327680K
}
Event: 11.127 GC heap after
{Heap after GC invocations=2 (full 0):
 garbage-first heap   total reserved 524288K, committed 264192K, used 20739K [0x00000000e0000000, 0x0000000100000000)
  region size 1024K, 14 young (14336K), 14 survivors (14336K)
 Metaspace       used 12117K, committed 12480K, reserved 393216K
  class space    used 1236K, committed 1408K, reserved 327680K
}
Event: 15.204 GC heap before
{Heap before GC invocations=2 (full 0):
 garbage-first heap   total reserved 524288K, committed 264192K, used 82179K [0x00000000e0000000, 0x0000000100000000)
  region size 1024K, 76 young (77824K), 14 survivors (14336K)
 Metaspace       used 20882K, committed 21504K, reserved 393216K
  class space    used 2258K, committed 2560K, reserved 327680K
}
Event: 15.244 GC heap after
{Heap after GC invocations=3 (full 0):
 garbage-first heap   total reserved 524288K, committed 264192K, used 24178K [0x00000000e0000000, 0x0000000100000000)
  region size 1024K, 4 young (4096K), 4 survivors (4096K)
 Metaspace       used 20882K, committed 21504K, reserved 393216K
  class space    used 2258K, committed 2560K, reserved 327680K
}

Dll operation events (15 events):
Event: 0.064 Loaded shared library C:\Users\delle\.jdks\corretto-24.0.1\bin\java.dll
Event: 1.564 Loaded shared library C:\Users\delle\.jdks\corretto-24.0.1\bin\jsvml.dll
Event: 1.799 Loaded shared library C:\Users\delle\.jdks\corretto-24.0.1\bin\zip.dll
Event: 1.807 Loaded shared library C:\Users\delle\.jdks\corretto-24.0.1\bin\instrument.dll
Event: 1.815 Loaded shared library C:\Users\delle\.jdks\corretto-24.0.1\bin\net.dll
Event: 1.819 Loaded shared library C:\Users\delle\.jdks\corretto-24.0.1\bin\nio.dll
Event: 1.829 Loaded shared library C:\Users\delle\.jdks\corretto-24.0.1\bin\zip.dll
Event: 3.379 Loaded shared library C:\Users\delle\.jdks\corretto-24.0.1\bin\jimage.dll
Event: 4.378 Loaded shared library C:\Users\delle\.jdks\corretto-24.0.1\bin\verify.dll
Event: 4.806 Loaded shared library C:\Users\delle\.gradle\native\1def1411415f61bf3af743bc5b6707747c0891f09f0c88961ee8f79bc544acac\windows-amd64\native-platform.dll
Event: 4.830 Loaded shared library C:\Users\delle\.gradle\native\0.2.7\x86_64-windows-gnu\gradle-fileevents.dll
Event: 8.606 Loaded shared library C:\Users\delle\.jdks\corretto-24.0.1\bin\management.dll
Event: 8.611 Loaded shared library C:\Users\delle\.jdks\corretto-24.0.1\bin\management_ext.dll
Event: 9.397 Loaded shared library C:\Users\delle\.jdks\corretto-24.0.1\bin\extnet.dll
Event: 10.244 Loaded shared library C:\Users\delle\.jdks\corretto-24.0.1\bin\sunmscapi.dll

Deoptimization events (20 events):
Event: 17.552 Thread 0x00000244e3673d40 Uncommon trap: trap_request=0xffffff4d fr.pc=0x00000244be3d6bec relative=0x000000000000076c
Event: 17.552 Thread 0x00000244e3673d40 Uncommon trap: reason=unstable_if action=reinterpret pc=0x00000244be3d6bec method=java.lang.Class.getPackageName()Ljava/lang/String; @ 55 c2
Event: 17.552 Thread 0x00000244e3673d40 DEOPT PACKING pc=0x00000244be3d6bec sp=0x000000453e9fa5b0
Event: 17.552 Thread 0x00000244e3673d40 DEOPT UNPACKING pc=0x00000244bdd6ce82 sp=0x000000453e9fa580 mode 2
Event: 18.554 Thread 0x00000244e3673d40 Uncommon trap: trap_request=0xffffffc6 fr.pc=0x00000244be42dd6c relative=0x000000000000080c
Event: 18.555 Thread 0x00000244e3673d40 Uncommon trap: reason=bimorphic_or_optimized_type_check action=maybe_recompile pc=0x00000244be42dd6c method=java.io.BufferedInputStream.read([BII)I @ 100 c2
Event: 18.555 Thread 0x00000244e3673d40 DEOPT PACKING pc=0x00000244be42dd6c sp=0x000000453e9f8500
Event: 18.555 Thread 0x00000244e3673d40 DEOPT UNPACKING pc=0x00000244bdd6ce82 sp=0x000000453e9f84b8 mode 2
Event: 18.555 Thread 0x00000244e3673d40 Uncommon trap: trap_request=0xffffffc6 fr.pc=0x00000244be42dd6c relative=0x000000000000080c
Event: 18.555 Thread 0x00000244e3673d40 Uncommon trap: reason=bimorphic_or_optimized_type_check action=maybe_recompile pc=0x00000244be42dd6c method=java.io.BufferedInputStream.read([BII)I @ 100 c2
Event: 18.555 Thread 0x00000244e3673d40 DEOPT PACKING pc=0x00000244be42dd6c sp=0x000000453e9f8500
Event: 18.555 Thread 0x00000244e3673d40 DEOPT UNPACKING pc=0x00000244bdd6ce82 sp=0x000000453e9f84b8 mode 2
Event: 18.556 Thread 0x00000244e3673d40 Uncommon trap: trap_request=0xffffffc6 fr.pc=0x00000244be42dd6c relative=0x000000000000080c
Event: 18.556 Thread 0x00000244e3673d40 Uncommon trap: reason=bimorphic_or_optimized_type_check action=maybe_recompile pc=0x00000244be42dd6c method=java.io.BufferedInputStream.read([BII)I @ 100 c2
Event: 18.556 Thread 0x00000244e3673d40 DEOPT PACKING pc=0x00000244be42dd6c sp=0x000000453e9f8500
Event: 18.556 Thread 0x00000244e3673d40 DEOPT UNPACKING pc=0x00000244bdd6ce82 sp=0x000000453e9f84b8 mode 2
Event: 18.556 Thread 0x00000244e3673d40 Uncommon trap: trap_request=0xffffffc6 fr.pc=0x00000244be42dd6c relative=0x000000000000080c
Event: 18.556 Thread 0x00000244e3673d40 Uncommon trap: reason=bimorphic_or_optimized_type_check action=maybe_recompile pc=0x00000244be42dd6c method=java.io.BufferedInputStream.read([BII)I @ 100 c2
Event: 18.556 Thread 0x00000244e3673d40 DEOPT PACKING pc=0x00000244be42dd6c sp=0x000000453e9f8580
Event: 18.556 Thread 0x00000244e3673d40 DEOPT UNPACKING pc=0x00000244bdd6ce82 sp=0x000000453e9f8538 mode 2

Classes loaded (20 events):
Event: 17.619 Loading class java/util/stream/Sink$OfInt
Event: 17.620 Loading class java/util/stream/Sink$OfInt done
Event: 17.620 Loading class java/util/stream/Sink$ChainedInt done
Event: 17.620 Loading class java/util/stream/IntPipeline$1$1 done
Event: 17.940 Loading class java/lang/IllegalAccessError
Event: 17.940 Loading class java/lang/IllegalAccessError done
Event: 17.966 Loading class java/lang/ProcessBuilder
Event: 17.967 Loading class java/lang/ProcessBuilder done
Event: 17.967 Loading class java/lang/Process
Event: 17.967 Loading class java/lang/Process done
Event: 18.427 Loading class java/util/EventListener
Event: 18.428 Loading class java/util/EventListener done
Event: 18.539 Loading class java/io/PrintWriter
Event: 18.539 Loading class java/io/PrintWriter done
Event: 18.539 Loading class java/util/TimerTask
Event: 18.539 Loading class java/util/TimerTask done
Event: 18.539 Loading class java/util/Timer
Event: 18.540 Loading class java/util/Timer done
Event: 18.836 Loading class java/security/AccessControlException
Event: 18.836 Loading class java/security/AccessControlException done

Classes unloaded (0 events):
No events

Classes redefined (0 events):
No events

Internal exceptions (20 events):
Event: 15.862 Thread 0x00000244e3673d40 Exception <a 'java/lang/NoSuchMethodError'{0x00000000ef2dd7a8}: 'java.lang.Object java.lang.invoke.DelegatingMethodHandle$Holder.delegate(java.lang.Object, java.lang.Object, java.lang.Object, java.lang.Object, java.lang.Object, java.lang.Object, java.lang.Object, java.lang.Object, java.lang.Object, java.lang.Object, java.lang.Object, java.lang.Object, java.lang.Object, java.lang.Object, java.lang.Object, java.lang.Object, java.lang.Object, java.lang.Object, java.lang.Object, java.lang.Object, java.lang.Obj
Event: 15.942 Thread 0x00000244e3673d40 Exception <a 'java/lang/NoSuchMethodError'{0x00000000eefbd1b8}: 'java.lang.Object java.lang.invoke.DirectMethodHandle$Holder.invokeStaticInit(java.lang.Object, java.lang.Object, java.lang.Object, java.lang.Object)'> (0x00000000eefbd1b8) 
thrown [s\src\hotspot\share\interpreter\linkResolver.cpp, line 805]
Event: 16.003 Thread 0x00000244e3673d40 Exception <a 'java/lang/NoSuchMethodError'{0x00000000eed45638}: 'java.lang.Object java.lang.invoke.DirectMethodHandle$Holder.newInvokeSpecial(java.lang.Object, java.lang.Object, java.lang.Object, java.lang.Object, java.lang.Object, java.lang.Object, java.lang.Object, java.lang.Object)'> (0x00000000eed45638) 
thrown [s\src\hotspot\share\interpreter\linkResolver.cpp, line 805]
Event: 16.053 Thread 0x00000244e3673d40 Exception <a 'java/lang/NoSuchMethodError'{0x00000000eec61b50}: 'java.lang.Object java.lang.invoke.DirectMethodHandle$Holder.invokeVirtual(java.lang.Object, java.lang.Object, java.lang.Object, java.lang.Object, java.lang.Object, java.lang.Object, java.lang.Object, java.lang.Object, java.lang.Object, java.lang.Object, java.lang.Object, java.lang.Object, java.lang.Object)'> (0x00000000eec61b50) 
thrown [s\src\hotspot\share\interpreter\linkResolver.cpp, line 805]
Event: 16.054 Thread 0x00000244e3673d40 Exception <a 'java/lang/NoSuchMethodError'{0x00000000eec6bd98}: 'java.lang.Object java.lang.invoke.DirectMethodHandle$Holder.invokeSpecial(java.lang.Object, java.lang.Object, java.lang.Object, java.lang.Object, java.lang.Object, java.lang.Object, java.lang.Object, java.lang.Object, java.lang.Object, java.lang.Object, java.lang.Object, java.lang.Object, java.lang.Object, java.lang.Object)'> (0x00000000eec6bd98) 
thrown [s\src\hotspot\share\interpreter\linkResolver.cpp, line 805]
Event: 16.126 Thread 0x00000244e3673d40 Exception <a 'java/lang/NoSuchMethodError'{0x00000000eea70ed8}: 'void java.lang.invoke.DirectMethodHandle$Holder.invokeStaticInit(java.lang.Object, java.lang.Object)'> (0x00000000eea70ed8) 
thrown [s\src\hotspot\share\interpreter\linkResolver.cpp, line 805]
Event: 16.388 Thread 0x00000244e3673d40 Exception <a 'java/lang/NoSuchMethodError'{0x00000000ee548240}: 'java.lang.Object java.lang.invoke.DirectMethodHandle$Holder.newInvokeSpecial(java.lang.Object, java.lang.Object, java.lang.Object, java.lang.Object, java.lang.Object, java.lang.Object, java.lang.Object, java.lang.Object, java.lang.Object)'> (0x00000000ee548240) 
thrown [s\src\hotspot\share\interpreter\linkResolver.cpp, line 805]
Event: 16.523 Thread 0x00000244e3673d40 Exception <a 'java/lang/NoSuchMethodError'{0x00000000ee2a4bc0}: 'int java.lang.invoke.DirectMethodHandle$Holder.invokeVirtual(java.lang.Object, java.lang.Object)'> (0x00000000ee2a4bc0) 
thrown [s\src\hotspot\share\interpreter\linkResolver.cpp, line 805]
Event: 16.637 Thread 0x00000244e3673d40 Exception <a 'java/lang/NoSuchMethodError'{0x00000000edfd1580}: 'void java.lang.invoke.DirectMethodHandle$Holder.invokeInterface(java.lang.Object, java.lang.Object, java.lang.Object, java.lang.Object, java.lang.Object)'> (0x00000000edfd1580) 
thrown [s\src\hotspot\share\interpreter\linkResolver.cpp, line 805]
Event: 16.648 Thread 0x00000244e3673d40 Exception <a 'java/lang/NoSuchMethodError'{0x00000000ede23408}: 'void java.lang.invoke.DirectMethodHandle$Holder.invokeStatic(java.lang.Object, java.lang.Object, java.lang.Object, java.lang.Object, java.lang.Object, java.lang.Object)'> (0x00000000ede23408) 
thrown [s\src\hotspot\share\interpreter\linkResolver.cpp, line 805]
Event: 17.016 Thread 0x00000244e3673d40 Exception <a 'java/lang/IncompatibleClassChangeError'{0x00000000ed7a5410}: Found class java.lang.Object, but interface was expected> (0x00000000ed7a5410) 
thrown [s\src\hotspot\share\interpreter\linkResolver.cpp, line 872]
Event: 17.060 Thread 0x00000244e3673d40 Exception <a 'java/lang/NoSuchMethodError'{0x00000000ed5456a0}: 'java.lang.Object java.lang.invoke.DirectMethodHandle$Holder.newInvokeSpecial(java.lang.Object, java.lang.Object, long)'> (0x00000000ed5456a0) 
thrown [s\src\hotspot\share\interpreter\linkResolver.cpp, line 805]
Event: 17.064 Thread 0x00000244e3673d40 Exception <a 'java/lang/NoSuchMethodError'{0x00000000ed54eb70}: 'java.lang.Object java.lang.invoke.Invokers$Holder.linkToTargetMethod(java.lang.Object, long, java.lang.Object)'> (0x00000000ed54eb70) 
thrown [s\src\hotspot\share\interpreter\linkResolver.cpp, line 805]
Event: 17.306 Thread 0x00000244e3673d40 Exception <a 'java/lang/NoSuchMethodError'{0x00000000ed21d198}: 'java.lang.Object java.lang.invoke.DirectMethodHandle$Holder.invokeVirtual(java.lang.Object, java.lang.Object, int)'> (0x00000000ed21d198) 
thrown [s\src\hotspot\share\interpreter\linkResolver.cpp, line 805]
Event: 17.373 Thread 0x00000244e3673d40 Exception <a 'java/lang/NoSuchMethodError'{0x00000000ed13b660}: 'java.lang.Object java.lang.invoke.DirectMethodHandle$Holder.invokeStatic(java.lang.Object, java.lang.Object, int, java.lang.Object)'> (0x00000000ed13b660) 
thrown [s\src\hotspot\share\interpreter\linkResolver.cpp, line 805]
Event: 17.374 Thread 0x00000244e3673d40 Exception <a 'java/lang/NoSuchMethodError'{0x00000000ed14c030}: 'java.lang.Object java.lang.invoke.DirectMethodHandle$Holder.newInvokeSpecial(java.lang.Object, java.lang.Object, int, java.lang.Object)'> (0x00000000ed14c030) 
thrown [s\src\hotspot\share\interpreter\linkResolver.cpp, line 805]
Event: 17.532 Thread 0x00000244e3673d40 Exception <a 'java/lang/NoSuchMethodError'{0x00000000ecd01488}: 'void java.lang.invoke.DirectMethodHandle$Holder.invokeInterface(java.lang.Object, java.lang.Object, java.lang.Object, java.lang.Object, java.lang.Object, java.lang.Object, java.lang.Object)'> (0x00000000ecd01488) 
thrown [s\src\hotspot\share\interpreter\linkResolver.cpp, line 805]
Event: 17.532 Thread 0x00000244e3673d40 Exception <a 'java/lang/NoSuchMethodError'{0x00000000ecd0aa78}: 'void java.lang.invoke.DelegatingMethodHandle$Holder.reinvoke_L(java.lang.Object, java.lang.Object, java.lang.Object, java.lang.Object, java.lang.Object, java.lang.Object, java.lang.Object)'> (0x00000000ecd0aa78) 
thrown [s\src\hotspot\share\interpreter\linkResolver.cpp, line 805]
Event: 17.965 Thread 0x00000244e3673d40 Exception <a 'java/lang/NoSuchMethodError'{0x00000000eccfa1c0}: 'java.lang.Object java.lang.invoke.DirectMethodHandle$Holder.invokeStaticInit(java.lang.Object, java.lang.Object, java.lang.Object, java.lang.Object, java.lang.Object, java.lang.Object, java.lang.Object)'> (0x00000000eccfa1c0) 
thrown [s\src\hotspot\share\interpreter\linkResolver.cpp, line 805]
Event: 17.972 Thread 0x00000244e3673d40 Exception <a 'java/lang/NoSuchMethodError'{0x00000000ecb220d0}: 'java.lang.Object java.lang.invoke.DirectMethodHandle$Holder.invokeSpecial(java.lang.Object, java.lang.Object, java.lang.Object, int, java.lang.Object, java.lang.Object)'> (0x00000000ecb220d0) 
thrown [s\src\hotspot\share\interpreter\linkResolver.cpp, line 805]

VM Operations (20 events):
Event: 15.204 Executing VM operation: CollectForMetadataAllocation (Metadata GC Threshold)
Event: 15.245 Executing VM operation: CollectForMetadataAllocation (Metadata GC Threshold) done
Event: 15.268 Executing VM operation: G1PauseRemark
Event: 15.271 Executing VM operation: G1PauseRemark done
Event: 15.285 Executing VM operation: G1PauseCleanup
Event: 15.288 Executing VM operation: G1PauseCleanup done
Event: 16.591 Executing VM operation: HandshakeAllThreads (Deoptimize)
Event: 16.592 Executing VM operation: HandshakeAllThreads (Deoptimize) done
Event: 17.014 Executing VM operation: HandshakeAllThreads (Deoptimize)
Event: 17.014 Executing VM operation: HandshakeAllThreads (Deoptimize) done
Event: 17.021 Executing VM operation: HandshakeAllThreads (Deoptimize)
Event: 17.022 Executing VM operation: HandshakeAllThreads (Deoptimize) done
Event: 17.087 Executing VM operation: HandshakeAllThreads (Deoptimize)
Event: 17.087 Executing VM operation: HandshakeAllThreads (Deoptimize) done
Event: 17.089 Executing VM operation: HandshakeAllThreads (Deoptimize)
Event: 17.089 Executing VM operation: HandshakeAllThreads (Deoptimize) done
Event: 17.547 Executing VM operation: HandshakeAllThreads (Deoptimize)
Event: 17.547 Executing VM operation: HandshakeAllThreads (Deoptimize) done
Event: 17.547 Executing VM operation: HandshakeAllThreads (Deoptimize)
Event: 17.548 Executing VM operation: HandshakeAllThreads (Deoptimize) done

Memory protections (0 events):
No events

Nmethod flushes (0 events):
No events

Events (20 events):
Event: 10.578 Thread 0x00000244e385ce20 Thread added: 0x00000244e3673d40
Event: 10.609 Thread 0x00000244e3673d40 Thread added: 0x00000244e3672000
Event: 10.671 Thread 0x00000244e3673d40 Thread added: 0x00000244e3672ea0
Event: 10.678 Thread 0x00000244e3673d40 Thread added: 0x00000244e36735f0
Event: 11.803 Thread 0x00000244c87c8f90 Thread added: 0x00000244e3b42b10
Event: 12.042 Thread 0x00000244e3b42b10 Thread exited: 0x00000244e3b42b10
Event: 12.100 Thread 0x00000244e3673d40 Thread added: 0x00000244e3675330
Event: 12.144 Thread 0x00000244e3673d40 Thread added: 0x00000244e3a8ada0
Event: 12.252 Thread 0x00000244e3673d40 Thread added: 0x00000244e3a8e0d0
Event: 12.915 Thread 0x00000244c87c8f90 Thread added: 0x00000244e3cf9190
Event: 13.637 Thread 0x00000244e3cf9190 Thread exited: 0x00000244e3cf9190
Event: 13.869 Thread 0x00000244c87c6400 Thread added: 0x00000244e32bc230
Event: 15.755 Thread 0x00000244e3673d40 Thread added: 0x00000244e3a8b4f0
Event: 15.836 Thread 0x00000244e3673d40 Thread added: 0x00000244e3a8a650
Event: 16.505 Thread 0x00000244e3673d40 Thread added: 0x00000244e3a8d230
Event: 16.520 Thread 0x00000244e3673d40 Thread added: 0x00000244e3a8fe10
Event: 16.853 Thread 0x00000244e32bc230 Thread exited: 0x00000244e32bc230
Event: 17.375 Thread 0x00000244e3673d40 Thread added: 0x00000244e3a8bc40
Event: 17.502 Thread 0x00000244c87c8f90 Thread added: 0x00000244e3a56550
Event: 17.504 Thread 0x00000244e3673d40 Thread added: 0x00000244e3a8d980


Dynamic libraries:
0x00007ff72d840000 - 0x00007ff72d84e000 	C:\Users\delle\.jdks\corretto-24.0.1\bin\java.exe
0x00007ffbd9a10000 - 0x00007ffbd9c27000 	C:\Windows\SYSTEM32\ntdll.dll
0x00007ffbd8730000 - 0x00007ffbd87f4000 	C:\Windows\System32\KERNEL32.DLL
0x00007ffbd7170000 - 0x00007ffbd7527000 	C:\Windows\System32\KERNELBASE.dll
0x00007ffbd6f00000 - 0x00007ffbd7011000 	C:\Windows\System32\ucrtbase.dll
0x00007ffbc22a0000 - 0x00007ffbc22b6000 	C:\Users\delle\.jdks\corretto-24.0.1\bin\jli.dll
0x00007ffbd8c40000 - 0x00007ffbd8def000 	C:\Windows\System32\USER32.dll
0x00007ffbd7140000 - 0x00007ffbd7166000 	C:\Windows\System32\win32u.dll
0x00007ffbd8a50000 - 0x00007ffbd8a79000 	C:\Windows\System32\GDI32.dll
0x00007ffbd7530000 - 0x00007ffbd7648000 	C:\Windows\System32\gdi32full.dll
0x00007ffbd70a0000 - 0x00007ffbd713a000 	C:\Windows\System32\msvcp_win.dll
0x00007ffba49a0000 - 0x00007ffba49bb000 	C:\Users\delle\.jdks\corretto-24.0.1\bin\VCRUNTIME140.dll
0x00007ffbc0770000 - 0x00007ffbc0a03000 	C:\Windows\WinSxS\amd64_microsoft.windows.common-controls_6595b64144ccf1df_6.0.22621.3672_none_2713b9d173822955\COMCTL32.dll
0x00007ffbd7ac0000 - 0x00007ffbd7b67000 	C:\Windows\System32\msvcrt.dll
0x00007ffbd7790000 - 0x00007ffbd77c1000 	C:\Windows\System32\IMM32.DLL
0x00007ffbc4410000 - 0x00007ffbc441c000 	C:\Users\delle\.jdks\corretto-24.0.1\bin\vcruntime140_1.dll
0x00007ffb97a50000 - 0x00007ffb97add000 	C:\Users\delle\.jdks\corretto-24.0.1\bin\msvcp140.dll
0x00007ffb4b150000 - 0x00007ffb4bfd1000 	C:\Users\delle\.jdks\corretto-24.0.1\bin\server\jvm.dll
0x00007ffbd8800000 - 0x00007ffbd88b2000 	C:\Windows\System32\ADVAPI32.dll
0x00007ffbd8610000 - 0x00007ffbd86b8000 	C:\Windows\System32\sechost.dll
0x00007ffbd7710000 - 0x00007ffbd7738000 	C:\Windows\System32\bcrypt.dll
0x00007ffbd79a0000 - 0x00007ffbd7ab4000 	C:\Windows\System32\RPCRT4.dll
0x00007ffbd8520000 - 0x00007ffbd8591000 	C:\Windows\System32\WS2_32.dll
0x00007ffbd6bf0000 - 0x00007ffbd6c3d000 	C:\Windows\SYSTEM32\POWRPROF.dll
0x00007ffbcefd0000 - 0x00007ffbcf004000 	C:\Windows\SYSTEM32\WINMM.dll
0x00007ffbcd770000 - 0x00007ffbcd77a000 	C:\Windows\SYSTEM32\VERSION.dll
0x00007ffbd6bd0000 - 0x00007ffbd6be3000 	C:\Windows\SYSTEM32\UMPDC.dll
0x00007ffbd5d30000 - 0x00007ffbd5d48000 	C:\Windows\SYSTEM32\kernel.appcore.dll
0x00007ffbc43b0000 - 0x00007ffbc43ba000 	C:\Users\delle\.jdks\corretto-24.0.1\bin\jimage.dll
0x00007ffbd1610000 - 0x00007ffbd1842000 	C:\Windows\SYSTEM32\DBGHELP.DLL
0x00007ffbd9120000 - 0x00007ffbd94ae000 	C:\Windows\System32\combase.dll
0x00007ffbd8440000 - 0x00007ffbd8517000 	C:\Windows\System32\OLEAUT32.dll
0x00007ffbc0050000 - 0x00007ffbc0082000 	C:\Windows\SYSTEM32\dbgcore.DLL
0x00007ffbd7020000 - 0x00007ffbd709b000 	C:\Windows\System32\bcryptPrimitives.dll
0x00007ffbc38c0000 - 0x00007ffbc38ce000 	C:\Users\delle\.jdks\corretto-24.0.1\bin\instrument.dll
0x00007ffba3cb0000 - 0x00007ffba3cce000 	C:\Users\delle\.jdks\corretto-24.0.1\bin\java.dll
0x00007ffbd8f70000 - 0x00007ffbd9115000 	C:\Windows\System32\ole32.dll
0x00007ffbd7b70000 - 0x00007ffbd83d9000 	C:\Windows\System32\SHELL32.dll
0x00007ffbd4c40000 - 0x00007ffbd553f000 	C:\Windows\SYSTEM32\windows.storage.dll
0x00007ffbd4b00000 - 0x00007ffbd4c3f000 	C:\Windows\SYSTEM32\wintypes.dll
0x00007ffbd88c0000 - 0x00007ffbd89b9000 	C:\Windows\System32\SHCORE.dll
0x00007ffbd83e0000 - 0x00007ffbd843e000 	C:\Windows\System32\shlwapi.dll
0x00007ffbd6c50000 - 0x00007ffbd6c77000 	C:\Windows\SYSTEM32\profapi.dll
0x00007ffb95020000 - 0x00007ffb950f7000 	C:\Users\delle\.jdks\corretto-24.0.1\bin\jsvml.dll
0x00007ffba1f10000 - 0x00007ffba1f27000 	C:\Users\delle\.jdks\corretto-24.0.1\bin\zip.dll
0x00007ffbc37f0000 - 0x00007ffbc3800000 	C:\Users\delle\.jdks\corretto-24.0.1\bin\net.dll
0x00007ffbd6190000 - 0x00007ffbd61f9000 	C:\Windows\system32\mswsock.dll
0x00007ffba1ed0000 - 0x00007ffba1ee6000 	C:\Users\delle\.jdks\corretto-24.0.1\bin\nio.dll
0x00007ffbc21a0000 - 0x00007ffbc21b0000 	C:\Users\delle\.jdks\corretto-24.0.1\bin\verify.dll
0x00007ffb9b1b0000 - 0x00007ffb9b1d7000 	C:\Users\delle\.gradle\native\1def1411415f61bf3af743bc5b6707747c0891f09f0c88961ee8f79bc544acac\windows-amd64\native-platform.dll
0x00007ffb97800000 - 0x00007ffb97878000 	C:\Users\delle\.gradle\native\0.2.7\x86_64-windows-gnu\gradle-fileevents.dll
0x00007ffbc0c60000 - 0x00007ffbc0c69000 	C:\Users\delle\.jdks\corretto-24.0.1\bin\management.dll
0x00007ffbbfe70000 - 0x00007ffbbfe7b000 	C:\Users\delle\.jdks\corretto-24.0.1\bin\management_ext.dll
0x00007ffbd77d0000 - 0x00007ffbd77d8000 	C:\Windows\System32\PSAPI.DLL
0x00007ffbd57a0000 - 0x00007ffbd57cd000 	C:\Windows\SYSTEM32\IPHLPAPI.DLL
0x00007ffbd77e0000 - 0x00007ffbd77e9000 	C:\Windows\System32\NSI.dll
0x00007ffbbd840000 - 0x00007ffbbd849000 	C:\Users\delle\.jdks\corretto-24.0.1\bin\extnet.dll
0x00007ffbd64e0000 - 0x00007ffbd64fb000 	C:\Windows\SYSTEM32\CRYPTSP.dll
0x00007ffbd5c90000 - 0x00007ffbd5cc5000 	C:\Windows\system32\rsaenh.dll
0x00007ffbd6230000 - 0x00007ffbd6258000 	C:\Windows\SYSTEM32\USERENV.dll
0x00007ffbd64c0000 - 0x00007ffbd64cc000 	C:\Windows\SYSTEM32\CRYPTBASE.dll
0x00007ffbbcda0000 - 0x00007ffbbcdae000 	C:\Users\delle\.jdks\corretto-24.0.1\bin\sunmscapi.dll
0x00007ffbd6d90000 - 0x00007ffbd6ef6000 	C:\Windows\System32\CRYPT32.dll
0x00007ffbd65f0000 - 0x00007ffbd661d000 	C:\Windows\SYSTEM32\ncrypt.dll
0x00007ffbd65b0000 - 0x00007ffbd65e7000 	C:\Windows\SYSTEM32\NTASN1.dll
0x00007ffbbb250000 - 0x00007ffbbb258000 	C:\Windows\system32\wshunix.dll

JVMTI agents:
C:\Users\delle\.gradle\wrapper\dists\gradle-8.14.3-bin\cv11ve7ro1n3o1j4so8xd9n66\gradle-8.14.3\lib\agents\gradle-instrumentation-agent-8.14.3.jar path:C:\Users\delle\.jdks\corretto-24.0.1\bin\instrument.dll, loaded, initialized, instrumentlib options:none

dbghelp: loaded successfully - version: 4.0.5 - missing functions: none
symbol engine: initialized successfully - sym options: 0x614 - pdb path: .;C:\Users\delle\.jdks\corretto-24.0.1\bin;C:\Windows\SYSTEM32;C:\Windows\WinSxS\amd64_microsoft.windows.common-controls_6595b64144ccf1df_6.0.22621.3672_none_2713b9d173822955;C:\Users\delle\.jdks\corretto-24.0.1\bin\server;C:\Users\delle\.gradle\native\1def1411415f61bf3af743bc5b6707747c0891f09f0c88961ee8f79bc544acac\windows-amd64;C:\Users\delle\.gradle\native\0.2.7\x86_64-windows-gnu

VM Arguments:
jvm_args: --add-opens=java.base/java.lang=ALL-UNNAMED --add-opens=java.base/java.lang.invoke=ALL-UNNAMED --add-opens=java.base/java.util=ALL-UNNAMED --add-opens=java.prefs/java.util.prefs=ALL-UNNAMED --add-exports=jdk.compiler/com.sun.tools.javac.api=ALL-UNNAMED --add-exports=jdk.compiler/com.sun.tools.javac.util=ALL-UNNAMED --add-opens=java.base/java.util=ALL-UNNAMED --add-opens=java.prefs/java.util.prefs=ALL-UNNAMED --add-opens=java.base/java.nio.charset=ALL-UNNAMED --add-opens=java.base/java.net=ALL-UNNAMED --add-opens=java.base/java.util.concurrent.atomic=ALL-UNNAMED --add-opens=java.xml/javax.xml.namespace=ALL-UNNAMED --enable-native-access=ALL-UNNAMED -XX:MaxMetaspaceSize=384m -XX:+HeapDumpOnOutOfMemoryError -Xms256m -Xmx512m -Dfile.encoding=UTF-8 -Duser.country=CO -Duser.language=es -Duser.variant -javaagent:C:\Users\delle\.gradle\wrapper\dists\gradle-8.14.3-bin\cv11ve7ro1n3o1j4so8xd9n66\gradle-8.14.3\lib\agents\gradle-instrumentation-agent-8.14.3.jar 
java_command: org.gradle.launcher.daemon.bootstrap.GradleDaemon 8.14.3
java_class_path (initial): C:\Users\delle\.gradle\wrapper\dists\gradle-8.14.3-bin\cv11ve7ro1n3o1j4so8xd9n66\gradle-8.14.3\lib\gradle-daemon-main-8.14.3.jar
Launcher Type: SUN_STANDARD

[Global flags]
     intx CICompilerCount                          = 3                                         {product} {ergonomic}
   size_t CompressedClassSpaceSize                 = 335544320                                 {product} {ergonomic}
     uint ConcGCThreads                            = 1                                         {product} {ergonomic}
     uint G1ConcRefinementThreads                  = 4                                         {product} {ergonomic}
   size_t G1HeapRegionSize                         = 1048576                                   {product} {ergonomic}
     bool HeapDumpOnOutOfMemoryError               = true                                   {manageable} {command line}
   size_t InitialHeapSize                          = 268435456                                 {product} {command line}
   size_t MarkStackSize                            = 4194304                                   {product} {ergonomic}
   size_t MarkStackSizeMax                         = 536870912                                 {product} {ergonomic}
   size_t MaxHeapSize                              = 536870912                                 {product} {command line}
   size_t MaxMetaspaceSize                         = 402653184                                 {product} {command line}
   size_t MaxNewSize                               = 321912832                                 {product} {ergonomic}
   size_t MinHeapDeltaBytes                        = 1048576                                   {product} {ergonomic}
   size_t MinHeapSize                              = 268435456                                 {product} {command line}
    uintx NonNMethodCodeHeapSize                   = 5832704                                {pd product} {ergonomic}
    uintx NonProfiledCodeHeapSize                  = 122945536                              {pd product} {ergonomic}
    uintx ProfiledCodeHeapSize                     = 122880000                              {pd product} {ergonomic}
    uintx ReservedCodeCacheSize                    = 251658240                              {pd product} {ergonomic}
     bool SegmentedCodeCache                       = true                                      {product} {ergonomic}
   size_t SoftMaxHeapSize                          = 536870912                              {manageable} {ergonomic}
     bool UseCompressedOops                        = true                           {product lp64_product} {ergonomic}
     bool UseG1GC                                  = true                                      {product} {ergonomic}
     bool UseLargePagesIndividualAllocation        = false                                  {pd product} {ergonomic}

Logging:
Log output configuration:
 #0: stdout all=warning uptime,level,tags foldmultilines=false
 #1: stderr all=off uptime,level,tags foldmultilines=false

Environment Variables:
PATH=C:\Program Files\Common Files\Oracle\Java\javapath;C:\Windows\system32;C:\Windows;C:\Windows\System32\Wbem;C:\Windows\System32\WindowsPowerShell\v1.0\;C:\Windows\System32\OpenSSH\;C:\Program Files\nodejs\;C:\Program Files\Git\cmd;C:\Program Files\dotnet\;C:\Program Files\Docker\Docker\resources\bin;C:\Program Files\Amazon\AWSCLIV2\;C:\Program Files\MySQL\MySQL Shell 8.0\bin\;C:\Python313\Scripts\;C:\Python313\;C:\Users\delle\AppData\Local\Microsoft\WindowsApps;C:\Microsoft VS Code\bin;C:\Users\delle\AppData\Local\GitHubDesktop\bin;C:\msys64\mingw64\bin;C:\Users\delle\AppData\Roaming\npm
USERNAME=delle
OS=Windows_NT
PROCESSOR_IDENTIFIER=Intel64 Family 6 Model 142 Stepping 9, GenuineIntel
TMP=C:\Users\delle\AppData\Local\Temp
TEMP=C:\Users\delle\AppData\Local\Temp




Periodic native trim disabled

---------------  S Y S T E M  ---------------

OS:
 Windows 11 , 64 bit Build 22621 (10.0.22621.3958)
OS uptime: 27 days 19:42 hours
Hyper-V role detected

CPU: total 4 (initial active 4) (2 cores per cpu, 2 threads per core) family 6 model 142 stepping 9 microcode 0xf4, cx8, cmov, fxsr, ht, mmx, 3dnowpref, sse, sse2, sse3, ssse3, sse4.1, sse4.2, popcnt, lzcnt, tsc, tscinvbit, avx, avx2, aes, erms, clmul, bmi1, bmi2, adx, fma, vzeroupper, clflush, clflushopt, hv, rdtscp, f16c
Processor Information for the first 4 processors :
  Max Mhz: 2304, Current Mhz: 2304, Mhz Limit: 2304

Memory: 4k page, system-wide physical 16284M (1070M free)
TotalPageFile size 24284M (AvailPageFile size 20M)
current process WorkingSet (physical memory assigned to process): 298M, peak: 306M
current process commit charge ("private bytes"): 453M, peak: 473M

vm_info: OpenJDK 64-Bit Server VM (24.0.1+9-FR) for windows-amd64 JRE (24.0.1+9-FR), built on 2025-04-09T21:46:34Z with MS VC++ 16.10 / 16.11 (VS2019)

END.
